\BOOKMARK [0][-]{chapter*.3}{List of Tables}{}% 1
\BOOKMARK [0][-]{chapter*.4}{List of Figures}{}% 2
\BOOKMARK [0][-]{section*.5}{Acronyms}{}% 3
\BOOKMARK [0][-]{chapter.1}{Introduction}{}% 4
\BOOKMARK [1][-]{section.1.1}{Dissertation Outline}{chapter.1}% 5
\BOOKMARK [0][-]{chapter.2}{Background}{}% 6
\BOOKMARK [1][-]{section.2.1}{Theoretical Background}{chapter.2}% 7
\BOOKMARK [2][-]{subsection.2.1.1}{Color Perception}{section.2.1}% 8
\BOOKMARK [3][-]{section*.7}{Color Philosophy}{subsection.2.1.1}% 9
\BOOKMARK [2][-]{subsection.2.1.2}{The Human Eye}{section.2.1}% 10
\BOOKMARK [3][-]{section*.12}{Theories of Color Vision}{subsection.2.1.2}% 11
\BOOKMARK [3][-]{section*.13}{Visual Deficiency}{subsection.2.1.2}% 12
\BOOKMARK [3][-]{section*.15}{Mental Models and Codes}{subsection.2.1.2}% 13
\BOOKMARK [2][-]{subsection.2.1.3}{Color Models and Spaces}{section.2.1}% 14
\BOOKMARK [3][-]{section*.16}{Colorimetry}{subsection.2.1.3}% 15
\BOOKMARK [3][-]{section*.17}{Color Fundamental Concepts}{subsection.2.1.3}% 16
\BOOKMARK [3][-]{section*.28}{Defining Color Models}{subsection.2.1.3}% 17
\BOOKMARK [3][-]{section*.34}{Defining Color Spaces}{subsection.2.1.3}% 18
\BOOKMARK [3][-]{section*.40}{Color Calibration}{subsection.2.1.3}% 19
\BOOKMARK [3][-]{section*.41}{Color Usage}{subsection.2.1.3}% 20
\BOOKMARK [3][-]{section*.42}{Color Organization}{subsection.2.1.3}% 21
\BOOKMARK [3][-]{section*.45}{Color Scales}{subsection.2.1.3}% 22
\BOOKMARK [3][-]{section*.46}{Color Blending}{subsection.2.1.3}% 23
\BOOKMARK [1][-]{section.2.2}{Related Work}{chapter.2}% 24
\BOOKMARK [2][-]{subsection.2.2.1}{Color Blending Research and Techniques}{section.2.2}% 25
\BOOKMARK [2][-]{subsection.2.2.2}{User Color Studies Online}{section.2.2}% 26
\BOOKMARK [1][-]{section.2.3}{Discussion}{chapter.2}% 27
\BOOKMARK [0][-]{chapter.3}{BlendMe!}{}% 28
\BOOKMARK [1][-]{section.3.1}{Objectives}{chapter.3}% 29
\BOOKMARK [1][-]{section.3.2}{Designing the Solution}{chapter.3}% 30
\BOOKMARK [2][-]{subsection.3.2.1}{User Profiling Phase}{section.3.2}% 31
\BOOKMARK [2][-]{subsection.3.2.2}{Testing Calibration Phase}{section.3.2}% 32
\BOOKMARK [2][-]{subsection.3.2.3}{Testing Color Vision Deficiencies Phase}{section.3.2}% 33
\BOOKMARK [2][-]{subsection.3.2.4}{Core Test Phase}{section.3.2}% 34
\BOOKMARK [1][-]{section.3.3}{Evaluation Criteria}{chapter.3}% 35
\BOOKMARK [0][-]{chapter.4}{Analyzing Color Mixing Perception}{}% 36
\BOOKMARK [1][-]{section.4.1}{Protocol}{chapter.4}% 37
\BOOKMARK [2][-]{subsection.4.1.1}{Laboratory Environment}{section.4.1}% 38
\BOOKMARK [2][-]{subsection.4.1.2}{Online Environment}{section.4.1}% 39
\BOOKMARK [2][-]{subsection.4.1.3}{Broadcasting the User Study}{section.4.1}% 40
\BOOKMARK [1][-]{section.4.2}{Data Cleaning}{chapter.4}% 41
\BOOKMARK [1][-]{section.4.3}{Data Processing}{chapter.4}% 42
\BOOKMARK [2][-]{subsection.4.3.1}{Data Preparation}{section.4.3}% 43
\BOOKMARK [2][-]{subsection.4.3.2}{Color Bins Comparation}{section.4.3}% 44
\BOOKMARK [2][-]{subsection.4.3.3}{Outputs Generated}{section.4.3}% 45
\BOOKMARK [1][-]{section.4.4}{Results}{chapter.4}% 46
\BOOKMARK [2][-]{subsection.4.4.1}{User Profile}{section.4.4}% 47
\BOOKMARK [2][-]{subsection.4.4.2}{Color Models}{section.4.4}% 48
\BOOKMARK [3][-]{section*.51}{Analyzing Questions}{subsection.4.4.2}% 49
\BOOKMARK [3][-]{section*.75}{Analyzing Color Models}{subsection.4.4.2}% 50
\BOOKMARK [3][-]{section*.91}{Color Blending Expectation}{subsection.4.4.2}% 51
\BOOKMARK [2][-]{subsection.4.4.3}{Color Mixtures and Color Naming}{section.4.4}% 52
\BOOKMARK [3][-]{section*.94}{Primary Colors}{subsection.4.4.3}% 53
\BOOKMARK [3][-]{section*.106}{Color Blending Effort}{subsection.4.4.3}% 54
\BOOKMARK [2][-]{subsection.4.4.4}{Demographic Results}{section.4.4}% 55
\BOOKMARK [3][-]{section*.108}{Age Groups}{subsection.4.4.4}% 56
\BOOKMARK [3][-]{section*.110}{Gender Groups}{subsection.4.4.4}% 57
\BOOKMARK [3][-]{section*.112}{Color Vision Deficient Users Group}{subsection.4.4.4}% 58
\BOOKMARK [1][-]{section.4.5}{Discussion}{chapter.4}% 59
\BOOKMARK [2][-]{subsection.4.5.1}{Calibration Resiliency}{section.4.5}% 60
\BOOKMARK [2][-]{subsection.4.5.2}{Implications for InfoVis}{section.4.5}% 61
\BOOKMARK [0][-]{chapter.5}{Conclusion}{}% 62
\BOOKMARK [1][-]{section.5.1}{Limitations}{chapter.5}% 63
\BOOKMARK [1][-]{section.5.2}{Future Work}{chapter.5}% 64
\BOOKMARK [0][-]{section*.118}{Bibliography}{}% 65
\BOOKMARK [0][-]{appendix.A}{User Study Protocol}{}% 66
\BOOKMARK [1][-]{section.A.1}{Motivation}{appendix.A}% 67
\BOOKMARK [1][-]{section.A.2}{User Profiling Phase}{appendix.A}% 68
\BOOKMARK [1][-]{section.A.3}{Testing Calibration Phase}{appendix.A}% 69
\BOOKMARK [1][-]{section.A.4}{Testing Color Vision Deficiences Phase}{appendix.A}% 70
\BOOKMARK [1][-]{section.A.5}{Core Test Phase}{appendix.A}% 71
\BOOKMARK [0][-]{appendix.B}{Processing Data}{}% 72
\BOOKMARK [0][-]{appendix.C}{Chromaticity Diagrams}{}% 73
\BOOKMARK [0][-]{appendix.D}{Tables}{}% 74
\BOOKMARK [1][-]{section.D.1}{Results Tables}{appendix.D}% 75
