This is pdfTeX, Version 3.14159265-2.6-1.40.17 (TeX Live 2016) (preloaded format=pdflatex 2016.9.6)  6 OCT 2016 04:38
entering extended mode
 \write18 enabled.
 %&-line parsing enabled.
**dissertation.tex
(./dissertation.tex
LaTeX2e <2016/03/31>
Babel <3.9r> and hyphenation patterns for 83 language(s) loaded.
(/usr/local/texlive/2016/texmf-dist/tex/latex/base/report.cls
Document Class: report 2014/09/29 v1.4h Standard LaTeX document class
(/usr/local/texlive/2016/texmf-dist/tex/latex/base/size10.clo
File: size10.clo 2014/09/29 v1.4h Standard LaTeX file (size option)
)
\c@part=\count79
\c@chapter=\count80
\c@section=\count81
\c@subsection=\count82
\c@subsubsection=\count83
\c@paragraph=\count84
\c@subparagraph=\count85
\c@figure=\count86
\c@table=\count87
\abovecaptionskip=\skip41
\belowcaptionskip=\skip42
\bibindent=\dimen102
)
(/usr/local/texlive/2016/texmf-dist/tex/latex/base/inputenc.sty
Package: inputenc 2015/03/17 v1.2c Input encoding file
\inpenc@prehook=\toks14
\inpenc@posthook=\toks15

(/usr/local/texlive/2016/texmf-dist/tex/latex/base/utf8.def
File: utf8.def 2016/02/28 v1.1s UTF-8 support for inputenc
Now handling font encoding OML ...
... no UTF-8 mapping file for font encoding OML
Now handling font encoding T1 ...
... processing UTF-8 mapping file for font encoding T1

(/usr/local/texlive/2016/texmf-dist/tex/latex/base/t1enc.dfu
File: t1enc.dfu 2016/02/28 v1.1s UTF-8 support for inputenc
   defining Unicode char U+00A0 (decimal 160)
   defining Unicode char U+00A1 (decimal 161)
   defining Unicode char U+00A3 (decimal 163)
   defining Unicode char U+00AB (decimal 171)
   defining Unicode char U+00AD (decimal 173)
   defining Unicode char U+00BB (decimal 187)
   defining Unicode char U+00BF (decimal 191)
   defining Unicode char U+00C0 (decimal 192)
   defining Unicode char U+00C1 (decimal 193)
   defining Unicode char U+00C2 (decimal 194)
   defining Unicode char U+00C3 (decimal 195)
   defining Unicode char U+00C4 (decimal 196)
   defining Unicode char U+00C5 (decimal 197)
   defining Unicode char U+00C6 (decimal 198)
   defining Unicode char U+00C7 (decimal 199)
   defining Unicode char U+00C8 (decimal 200)
   defining Unicode char U+00C9 (decimal 201)
   defining Unicode char U+00CA (decimal 202)
   defining Unicode char U+00CB (decimal 203)
   defining Unicode char U+00CC (decimal 204)
   defining Unicode char U+00CD (decimal 205)
   defining Unicode char U+00CE (decimal 206)
   defining Unicode char U+00CF (decimal 207)
   defining Unicode char U+00D0 (decimal 208)
   defining Unicode char U+00D1 (decimal 209)
   defining Unicode char U+00D2 (decimal 210)
   defining Unicode char U+00D3 (decimal 211)
   defining Unicode char U+00D4 (decimal 212)
   defining Unicode char U+00D5 (decimal 213)
   defining Unicode char U+00D6 (decimal 214)
   defining Unicode char U+00D8 (decimal 216)
   defining Unicode char U+00D9 (decimal 217)
   defining Unicode char U+00DA (decimal 218)
   defining Unicode char U+00DB (decimal 219)
   defining Unicode char U+00DC (decimal 220)
   defining Unicode char U+00DD (decimal 221)
   defining Unicode char U+00DE (decimal 222)
   defining Unicode char U+00DF (decimal 223)
   defining Unicode char U+00E0 (decimal 224)
   defining Unicode char U+00E1 (decimal 225)
   defining Unicode char U+00E2 (decimal 226)
   defining Unicode char U+00E3 (decimal 227)
   defining Unicode char U+00E4 (decimal 228)
   defining Unicode char U+00E5 (decimal 229)
   defining Unicode char U+00E6 (decimal 230)
   defining Unicode char U+00E7 (decimal 231)
   defining Unicode char U+00E8 (decimal 232)
   defining Unicode char U+00E9 (decimal 233)
   defining Unicode char U+00EA (decimal 234)
   defining Unicode char U+00EB (decimal 235)
   defining Unicode char U+00EC (decimal 236)
   defining Unicode char U+00ED (decimal 237)
   defining Unicode char U+00EE (decimal 238)
   defining Unicode char U+00EF (decimal 239)
   defining Unicode char U+00F0 (decimal 240)
   defining Unicode char U+00F1 (decimal 241)
   defining Unicode char U+00F2 (decimal 242)
   defining Unicode char U+00F3 (decimal 243)
   defining Unicode char U+00F4 (decimal 244)
   defining Unicode char U+00F5 (decimal 245)
   defining Unicode char U+00F6 (decimal 246)
   defining Unicode char U+00F8 (decimal 248)
   defining Unicode char U+00F9 (decimal 249)
   defining Unicode char U+00FA (decimal 250)
   defining Unicode char U+00FB (decimal 251)
   defining Unicode char U+00FC (decimal 252)
   defining Unicode char U+00FD (decimal 253)
   defining Unicode char U+00FE (decimal 254)
   defining Unicode char U+00FF (decimal 255)
   defining Unicode char U+0100 (decimal 256)
   defining Unicode char U+0101 (decimal 257)
   defining Unicode char U+0102 (decimal 258)
   defining Unicode char U+0103 (decimal 259)
   defining Unicode char U+0104 (decimal 260)
   defining Unicode char U+0105 (decimal 261)
   defining Unicode char U+0106 (decimal 262)
   defining Unicode char U+0107 (decimal 263)
   defining Unicode char U+0108 (decimal 264)
   defining Unicode char U+0109 (decimal 265)
   defining Unicode char U+010A (decimal 266)
   defining Unicode char U+010B (decimal 267)
   defining Unicode char U+010C (decimal 268)
   defining Unicode char U+010D (decimal 269)
   defining Unicode char U+010E (decimal 270)
   defining Unicode char U+010F (decimal 271)
   defining Unicode char U+0110 (decimal 272)
   defining Unicode char U+0111 (decimal 273)
   defining Unicode char U+0112 (decimal 274)
   defining Unicode char U+0113 (decimal 275)
   defining Unicode char U+0114 (decimal 276)
   defining Unicode char U+0115 (decimal 277)
   defining Unicode char U+0116 (decimal 278)
   defining Unicode char U+0117 (decimal 279)
   defining Unicode char U+0118 (decimal 280)
   defining Unicode char U+0119 (decimal 281)
   defining Unicode char U+011A (decimal 282)
   defining Unicode char U+011B (decimal 283)
   defining Unicode char U+011C (decimal 284)
   defining Unicode char U+011D (decimal 285)
   defining Unicode char U+011E (decimal 286)
   defining Unicode char U+011F (decimal 287)
   defining Unicode char U+0120 (decimal 288)
   defining Unicode char U+0121 (decimal 289)
   defining Unicode char U+0122 (decimal 290)
   defining Unicode char U+0123 (decimal 291)
   defining Unicode char U+0124 (decimal 292)
   defining Unicode char U+0125 (decimal 293)
   defining Unicode char U+0128 (decimal 296)
   defining Unicode char U+0129 (decimal 297)
   defining Unicode char U+012A (decimal 298)
   defining Unicode char U+012B (decimal 299)
   defining Unicode char U+012C (decimal 300)
   defining Unicode char U+012D (decimal 301)
   defining Unicode char U+012E (decimal 302)
   defining Unicode char U+012F (decimal 303)
   defining Unicode char U+0130 (decimal 304)
   defining Unicode char U+0131 (decimal 305)
   defining Unicode char U+0132 (decimal 306)
   defining Unicode char U+0133 (decimal 307)
   defining Unicode char U+0134 (decimal 308)
   defining Unicode char U+0135 (decimal 309)
   defining Unicode char U+0136 (decimal 310)
   defining Unicode char U+0137 (decimal 311)
   defining Unicode char U+0139 (decimal 313)
   defining Unicode char U+013A (decimal 314)
   defining Unicode char U+013B (decimal 315)
   defining Unicode char U+013C (decimal 316)
   defining Unicode char U+013D (decimal 317)
   defining Unicode char U+013E (decimal 318)
   defining Unicode char U+0141 (decimal 321)
   defining Unicode char U+0142 (decimal 322)
   defining Unicode char U+0143 (decimal 323)
   defining Unicode char U+0144 (decimal 324)
   defining Unicode char U+0145 (decimal 325)
   defining Unicode char U+0146 (decimal 326)
   defining Unicode char U+0147 (decimal 327)
   defining Unicode char U+0148 (decimal 328)
   defining Unicode char U+014A (decimal 330)
   defining Unicode char U+014B (decimal 331)
   defining Unicode char U+014C (decimal 332)
   defining Unicode char U+014D (decimal 333)
   defining Unicode char U+014E (decimal 334)
   defining Unicode char U+014F (decimal 335)
   defining Unicode char U+0150 (decimal 336)
   defining Unicode char U+0151 (decimal 337)
   defining Unicode char U+0152 (decimal 338)
   defining Unicode char U+0153 (decimal 339)
   defining Unicode char U+0154 (decimal 340)
   defining Unicode char U+0155 (decimal 341)
   defining Unicode char U+0156 (decimal 342)
   defining Unicode char U+0157 (decimal 343)
   defining Unicode char U+0158 (decimal 344)
   defining Unicode char U+0159 (decimal 345)
   defining Unicode char U+015A (decimal 346)
   defining Unicode char U+015B (decimal 347)
   defining Unicode char U+015C (decimal 348)
   defining Unicode char U+015D (decimal 349)
   defining Unicode char U+015E (decimal 350)
   defining Unicode char U+015F (decimal 351)
   defining Unicode char U+0160 (decimal 352)
   defining Unicode char U+0161 (decimal 353)
   defining Unicode char U+0162 (decimal 354)
   defining Unicode char U+0163 (decimal 355)
   defining Unicode char U+0164 (decimal 356)
   defining Unicode char U+0165 (decimal 357)
   defining Unicode char U+0168 (decimal 360)
   defining Unicode char U+0169 (decimal 361)
   defining Unicode char U+016A (decimal 362)
   defining Unicode char U+016B (decimal 363)
   defining Unicode char U+016C (decimal 364)
   defining Unicode char U+016D (decimal 365)
   defining Unicode char U+016E (decimal 366)
   defining Unicode char U+016F (decimal 367)
   defining Unicode char U+0170 (decimal 368)
   defining Unicode char U+0171 (decimal 369)
   defining Unicode char U+0172 (decimal 370)
   defining Unicode char U+0173 (decimal 371)
   defining Unicode char U+0174 (decimal 372)
   defining Unicode char U+0175 (decimal 373)
   defining Unicode char U+0176 (decimal 374)
   defining Unicode char U+0177 (decimal 375)
   defining Unicode char U+0178 (decimal 376)
   defining Unicode char U+0179 (decimal 377)
   defining Unicode char U+017A (decimal 378)
   defining Unicode char U+017B (decimal 379)
   defining Unicode char U+017C (decimal 380)
   defining Unicode char U+017D (decimal 381)
   defining Unicode char U+017E (decimal 382)
   defining Unicode char U+01CD (decimal 461)
   defining Unicode char U+01CE (decimal 462)
   defining Unicode char U+01CF (decimal 463)
   defining Unicode char U+01D0 (decimal 464)
   defining Unicode char U+01D1 (decimal 465)
   defining Unicode char U+01D2 (decimal 466)
   defining Unicode char U+01D3 (decimal 467)
   defining Unicode char U+01D4 (decimal 468)
   defining Unicode char U+01E2 (decimal 482)
   defining Unicode char U+01E3 (decimal 483)
   defining Unicode char U+01E6 (decimal 486)
   defining Unicode char U+01E7 (decimal 487)
   defining Unicode char U+01E8 (decimal 488)
   defining Unicode char U+01E9 (decimal 489)
   defining Unicode char U+01EA (decimal 490)
   defining Unicode char U+01EB (decimal 491)
   defining Unicode char U+01F0 (decimal 496)
   defining Unicode char U+01F4 (decimal 500)
   defining Unicode char U+01F5 (decimal 501)
   defining Unicode char U+0218 (decimal 536)
   defining Unicode char U+0219 (decimal 537)
   defining Unicode char U+021A (decimal 538)
   defining Unicode char U+021B (decimal 539)
   defining Unicode char U+1E02 (decimal 7682)
   defining Unicode char U+1E03 (decimal 7683)
   defining Unicode char U+200C (decimal 8204)
   defining Unicode char U+2010 (decimal 8208)
   defining Unicode char U+2011 (decimal 8209)
   defining Unicode char U+2012 (decimal 8210)
   defining Unicode char U+2013 (decimal 8211)
   defining Unicode char U+2014 (decimal 8212)
   defining Unicode char U+2015 (decimal 8213)
   defining Unicode char U+2018 (decimal 8216)
   defining Unicode char U+2019 (decimal 8217)
   defining Unicode char U+201A (decimal 8218)
   defining Unicode char U+201C (decimal 8220)
   defining Unicode char U+201D (decimal 8221)
   defining Unicode char U+201E (decimal 8222)
   defining Unicode char U+2030 (decimal 8240)
   defining Unicode char U+2031 (decimal 8241)
   defining Unicode char U+2039 (decimal 8249)
   defining Unicode char U+203A (decimal 8250)
   defining Unicode char U+2423 (decimal 9251)
)
Now handling font encoding OT1 ...
... processing UTF-8 mapping file for font encoding OT1

(/usr/local/texlive/2016/texmf-dist/tex/latex/base/ot1enc.dfu
File: ot1enc.dfu 2016/02/28 v1.1s UTF-8 support for inputenc
   defining Unicode char U+00A0 (decimal 160)
   defining Unicode char U+00A1 (decimal 161)
   defining Unicode char U+00A3 (decimal 163)
   defining Unicode char U+00AD (decimal 173)
   defining Unicode char U+00B8 (decimal 184)
   defining Unicode char U+00BF (decimal 191)
   defining Unicode char U+00C5 (decimal 197)
   defining Unicode char U+00C6 (decimal 198)
   defining Unicode char U+00D8 (decimal 216)
   defining Unicode char U+00DF (decimal 223)
   defining Unicode char U+00E6 (decimal 230)
   defining Unicode char U+00EC (decimal 236)
   defining Unicode char U+00ED (decimal 237)
   defining Unicode char U+00EE (decimal 238)
   defining Unicode char U+00EF (decimal 239)
   defining Unicode char U+00F8 (decimal 248)
   defining Unicode char U+0131 (decimal 305)
   defining Unicode char U+0141 (decimal 321)
   defining Unicode char U+0142 (decimal 322)
   defining Unicode char U+0152 (decimal 338)
   defining Unicode char U+0153 (decimal 339)
   defining Unicode char U+0174 (decimal 372)
   defining Unicode char U+0175 (decimal 373)
   defining Unicode char U+0176 (decimal 374)
   defining Unicode char U+0177 (decimal 375)
   defining Unicode char U+0218 (decimal 536)
   defining Unicode char U+0219 (decimal 537)
   defining Unicode char U+021A (decimal 538)
   defining Unicode char U+021B (decimal 539)
   defining Unicode char U+2013 (decimal 8211)
   defining Unicode char U+2014 (decimal 8212)
   defining Unicode char U+2018 (decimal 8216)
   defining Unicode char U+2019 (decimal 8217)
   defining Unicode char U+201C (decimal 8220)
   defining Unicode char U+201D (decimal 8221)
)
Now handling font encoding OMS ...
... processing UTF-8 mapping file for font encoding OMS

(/usr/local/texlive/2016/texmf-dist/tex/latex/base/omsenc.dfu
File: omsenc.dfu 2016/02/28 v1.1s UTF-8 support for inputenc
   defining Unicode char U+00A7 (decimal 167)
   defining Unicode char U+00B6 (decimal 182)
   defining Unicode char U+00B7 (decimal 183)
   defining Unicode char U+2020 (decimal 8224)
   defining Unicode char U+2021 (decimal 8225)
   defining Unicode char U+2022 (decimal 8226)
)
Now handling font encoding OMX ...
... no UTF-8 mapping file for font encoding OMX
Now handling font encoding U ...
... no UTF-8 mapping file for font encoding U
   defining Unicode char U+00A9 (decimal 169)
   defining Unicode char U+00AA (decimal 170)
   defining Unicode char U+00AE (decimal 174)
   defining Unicode char U+00BA (decimal 186)
   defining Unicode char U+02C6 (decimal 710)
   defining Unicode char U+02DC (decimal 732)
   defining Unicode char U+200C (decimal 8204)
   defining Unicode char U+2026 (decimal 8230)
   defining Unicode char U+2122 (decimal 8482)
   defining Unicode char U+2423 (decimal 9251)
))
(/usr/local/texlive/2016/texmf-dist/tex/latex/geometry/geometry.sty
Package: geometry 2010/09/12 v5.6 Page Geometry

(/usr/local/texlive/2016/texmf-dist/tex/latex/graphics/keyval.sty
Package: keyval 2014/10/28 v1.15 key=value parser (DPC)
\KV@toks@=\toks16
)
(/usr/local/texlive/2016/texmf-dist/tex/generic/oberdiek/ifpdf.sty
Package: ifpdf 2016/05/14 v3.1 Provides the ifpdf switch
)
(/usr/local/texlive/2016/texmf-dist/tex/generic/oberdiek/ifvtex.sty
Package: ifvtex 2016/05/16 v1.6 Detect VTeX and its facilities (HO)
Package ifvtex Info: VTeX not detected.
)
(/usr/local/texlive/2016/texmf-dist/tex/generic/ifxetex/ifxetex.sty
Package: ifxetex 2010/09/12 v0.6 Provides ifxetex conditional
)
\Gm@cnth=\count88
\Gm@cntv=\count89
\c@Gm@tempcnt=\count90
\Gm@bindingoffset=\dimen103
\Gm@wd@mp=\dimen104
\Gm@odd@mp=\dimen105
\Gm@even@mp=\dimen106
\Gm@layoutwidth=\dimen107
\Gm@layoutheight=\dimen108
\Gm@layouthoffset=\dimen109
\Gm@layoutvoffset=\dimen110
\Gm@dimlist=\toks17
)
(/usr/local/texlive/2016/texmf-dist/tex/latex/setspace/setspace.sty
Package: setspace 2011/12/19 v6.7a set line spacing
)
(/usr/local/texlive/2016/texmf-dist/tex/latex/hyperref/hyperref.sty
Package: hyperref 2016/05/05 v6.83n Hypertext links for LaTeX

(/usr/local/texlive/2016/texmf-dist/tex/generic/oberdiek/hobsub-hyperref.sty
Package: hobsub-hyperref 2016/05/16 v1.14 Bundle oberdiek, subset hyperref (HO)


(/usr/local/texlive/2016/texmf-dist/tex/generic/oberdiek/hobsub-generic.sty
Package: hobsub-generic 2016/05/16 v1.14 Bundle oberdiek, subset generic (HO)
Package: hobsub 2016/05/16 v1.14 Construct package bundles (HO)
Package: infwarerr 2016/05/16 v1.4 Providing info/warning/error messages (HO)
Package: ltxcmds 2016/05/16 v1.23 LaTeX kernel commands for general use (HO)
Package: ifluatex 2016/05/16 v1.4 Provides the ifluatex switch (HO)
Package ifluatex Info: LuaTeX not detected.
Package hobsub Info: Skipping package `ifvtex' (already loaded).
Package: intcalc 2016/05/16 v1.2 Expandable calculations with integers (HO)
Package hobsub Info: Skipping package `ifpdf' (already loaded).
Package: etexcmds 2016/05/16 v1.6 Avoid name clashes with e-TeX commands (HO)
Package etexcmds Info: Could not find \expanded.
(etexcmds)             That can mean that you are not using pdfTeX 1.50 or
(etexcmds)             that some package has redefined \expanded.
(etexcmds)             In the latter case, load this package earlier.
Package: kvsetkeys 2016/05/16 v1.17 Key value parser (HO)
Package: kvdefinekeys 2016/05/16 v1.4 Define keys (HO)
Package: pdftexcmds 2016/05/10 v0.21 Utility functions of pdfTeX for LuaTeX (HO
)
Package pdftexcmds Info: LuaTeX not detected.
Package pdftexcmds Info: \pdf@primitive is available.
Package pdftexcmds Info: \pdf@ifprimitive is available.
Package pdftexcmds Info: \pdfdraftmode found.
Package: pdfescape 2016/05/16 v1.14 Implements pdfTeX's escape features (HO)
Package: bigintcalc 2016/05/16 v1.4 Expandable calculations on big integers (HO
)
Package: bitset 2016/05/16 v1.2 Handle bit-vector datatype (HO)
Package: uniquecounter 2016/05/16 v1.3 Provide unlimited unique counter (HO)
)
Package hobsub Info: Skipping package `hobsub' (already loaded).
Package: letltxmacro 2016/05/16 v1.5 Let assignment for LaTeX macros (HO)
Package: hopatch 2016/05/16 v1.3 Wrapper for package hooks (HO)
Package: xcolor-patch 2016/05/16 xcolor patch
Package: atveryend 2016/05/16 v1.9 Hooks at the very end of document (HO)
Package atveryend Info: \enddocument detected (standard20110627).
Package: atbegshi 2016/05/16 v1.17 At begin shipout hook (HO)
Package: refcount 2016/05/16 v3.5 Data extraction from label references (HO)
Package: hycolor 2016/05/16 v1.8 Color options for hyperref/bookmark (HO)
)
(/usr/local/texlive/2016/texmf-dist/tex/latex/oberdiek/auxhook.sty
Package: auxhook 2016/05/16 v1.4 Hooks for auxiliary files (HO)
)
(/usr/local/texlive/2016/texmf-dist/tex/latex/oberdiek/kvoptions.sty
Package: kvoptions 2016/05/16 v3.12 Key value format for package options (HO)
)
\@linkdim=\dimen111
\Hy@linkcounter=\count91
\Hy@pagecounter=\count92

(/usr/local/texlive/2016/texmf-dist/tex/latex/hyperref/pd1enc.def
File: pd1enc.def 2016/05/05 v6.83n Hyperref: PDFDocEncoding definition (HO)
Now handling font encoding PD1 ...
... no UTF-8 mapping file for font encoding PD1
)
\Hy@SavedSpaceFactor=\count93

(/usr/local/texlive/2016/texmf-dist/tex/latex/latexconfig/hyperref.cfg
File: hyperref.cfg 2002/06/06 v1.2 hyperref configuration of TeXLive
)
Package hyperref Info: Hyper figures OFF on input line 4446.
Package hyperref Info: Link nesting OFF on input line 4451.
Package hyperref Info: Hyper index ON on input line 4454.
Package hyperref Info: Plain pages OFF on input line 4461.
Package hyperref Info: Backreferencing OFF on input line 4466.
Package hyperref Info: Implicit mode ON; LaTeX internals redefined.
Package hyperref Info: Bookmarks ON on input line 4691.
\c@Hy@tempcnt=\count94

(/usr/local/texlive/2016/texmf-dist/tex/latex/url/url.sty
\Urlmuskip=\muskip10
Package: url 2013/09/16  ver 3.4  Verb mode for urls, etc.
)
LaTeX Info: Redefining \url on input line 5044.
\XeTeXLinkMargin=\dimen112
\Fld@menulength=\count95
\Field@Width=\dimen113
\Fld@charsize=\dimen114
Package hyperref Info: Hyper figures OFF on input line 6298.
Package hyperref Info: Link nesting OFF on input line 6303.
Package hyperref Info: Hyper index ON on input line 6306.
Package hyperref Info: backreferencing OFF on input line 6313.
Package hyperref Info: Link coloring OFF on input line 6318.
Package hyperref Info: Link coloring with OCG OFF on input line 6323.
Package hyperref Info: PDF/A mode OFF on input line 6328.
LaTeX Info: Redefining \ref on input line 6368.
LaTeX Info: Redefining \pageref on input line 6372.
\Hy@abspage=\count96
\c@Item=\count97
\c@Hfootnote=\count98
)

Package hyperref Message: Driver (autodetected): hpdftex.

(/usr/local/texlive/2016/texmf-dist/tex/latex/hyperref/hpdftex.def
File: hpdftex.def 2016/05/05 v6.83n Hyperref driver for pdfTeX
\Fld@listcount=\count99
\c@bookmark@seq@number=\count100

(/usr/local/texlive/2016/texmf-dist/tex/latex/oberdiek/rerunfilecheck.sty
Package: rerunfilecheck 2016/05/16 v1.8 Rerun checks for auxiliary files (HO)
Package uniquecounter Info: New unique counter `rerunfilecheck' on input line 2
82.
)
\Hy@SectionHShift=\skip43
)
(/usr/local/texlive/2016/texmf-dist/tex/latex/oberdiek/hypcap.sty
Package: hypcap 2016/05/16 v1.12 Adjusting the anchors of captions (HO)
)
(/usr/local/texlive/2016/texmf-dist/tex/latex/booktabs/booktabs.sty
Package: booktabs 2016/04/27 v1.618033 publication quality tables
\heavyrulewidth=\dimen115
\lightrulewidth=\dimen116
\cmidrulewidth=\dimen117
\belowrulesep=\dimen118
\belowbottomsep=\dimen119
\aboverulesep=\dimen120
\abovetopsep=\dimen121
\cmidrulesep=\dimen122
\cmidrulekern=\dimen123
\defaultaddspace=\dimen124
\@cmidla=\count101
\@cmidlb=\count102
\@aboverulesep=\dimen125
\@belowrulesep=\dimen126
\@thisruleclass=\count103
\@lastruleclass=\count104
\@thisrulewidth=\dimen127
)
(/usr/local/texlive/2016/texmf-dist/tex/latex/xcolor/xcolor.sty
Package: xcolor 2016/05/11 v2.12 LaTeX color extensions (UK)

(/usr/local/texlive/2016/texmf-dist/tex/latex/graphics-cfg/color.cfg
File: color.cfg 2016/01/02 v1.6 sample color configuration
)
Package xcolor Info: Driver file: pdftex.def on input line 225.

(/usr/local/texlive/2016/texmf-dist/tex/latex/pdftex-def/pdftex.def
File: pdftex.def 2011/05/27 v0.06d Graphics/color for pdfTeX
\Gread@gobject=\count105
)
(/usr/local/texlive/2016/texmf-dist/tex/latex/colortbl/colortbl.sty
Package: colortbl 2012/02/13 v1.0a Color table columns (DPC)

(/usr/local/texlive/2016/texmf-dist/tex/latex/tools/array.sty
Package: array 2014/10/28 v2.4c Tabular extension package (FMi)
\col@sep=\dimen128
\extrarowheight=\dimen129
\NC@list=\toks18
\extratabsurround=\skip44
\backup@length=\skip45
)
\everycr=\toks19
\minrowclearance=\skip46
)
\rownum=\count106
Package xcolor Info: Model `cmy' substituted by `cmy0' on input line 1348.
Package xcolor Info: Model `hsb' substituted by `rgb' on input line 1352.
Package xcolor Info: Model `RGB' extended on input line 1364.
Package xcolor Info: Model `HTML' substituted by `rgb' on input line 1366.
Package xcolor Info: Model `Hsb' substituted by `hsb' on input line 1367.
Package xcolor Info: Model `tHsb' substituted by `hsb' on input line 1368.
Package xcolor Info: Model `HSB' substituted by `hsb' on input line 1369.
Package xcolor Info: Model `Gray' substituted by `gray' on input line 1370.
Package xcolor Info: Model `wave' substituted by `hsb' on input line 1371.
)
(/usr/local/texlive/2016/texmf-dist/tex/latex/graphics/graphicx.sty
Package: graphicx 2014/10/28 v1.0g Enhanced LaTeX Graphics (DPC,SPQR)

(/usr/local/texlive/2016/texmf-dist/tex/latex/graphics/graphics.sty
Package: graphics 2016/05/09 v1.0r Standard LaTeX Graphics (DPC,SPQR)

(/usr/local/texlive/2016/texmf-dist/tex/latex/graphics/trig.sty
Package: trig 2016/01/03 v1.10 sin cos tan (DPC)
)
(/usr/local/texlive/2016/texmf-dist/tex/latex/graphics-cfg/graphics.cfg
File: graphics.cfg 2016/01/02 v1.10 sample graphics configuration
)
Package graphics Info: Driver file: pdftex.def on input line 96.
)
\Gin@req@height=\dimen130
\Gin@req@width=\dimen131
)
(/usr/local/texlive/2016/texmf-dist/tex/latex/psnfss/helvet.sty
Package: helvet 2005/04/12 PSNFSS-v9.2a (WaS) 
)
(/usr/local/texlive/2016/texmf-dist/tex/generic/babel/babel.sty
Package: babel 2016/04/23 3.9r The Babel package

(/usr/local/texlive/2016/texmf-dist/tex/generic/babel-portuges/portuges.ldf
Language: portuges 2008/03/18 v1.2q Portuguese support from the babel system

(/usr/local/texlive/2016/texmf-dist/tex/generic/babel/babel.def
File: babel.def 2016/04/23 3.9r Babel common definitions
\babel@savecnt=\count107
\U@D=\dimen132
)
Package babel Info: Making " an active character on input line 145.
)
(/usr/local/texlive/2016/texmf-dist/tex/generic/babel-english/english.ldf
Language: english 2012/08/20 v3.3p English support from the babel system
\l@canadian = a dialect from \language\l@american 
\l@australian = a dialect from \language\l@british 
\l@newzealand = a dialect from \language\l@british 
))
(/usr/local/texlive/2016/texmf-dist/tex/latex/glossaries/base/glossaries.sty
Package: glossaries 2016/04/30 v4.23 (NLCT)

(/usr/local/texlive/2016/texmf-dist/tex/latex/base/ifthen.sty
Package: ifthen 2014/09/29 v1.1c Standard LaTeX ifthen package (DPC)
)
(/usr/local/texlive/2016/texmf-dist/tex/latex/xkeyval/xkeyval.sty
Package: xkeyval 2014/12/03 v2.7a package option processing (HA)

(/usr/local/texlive/2016/texmf-dist/tex/generic/xkeyval/xkeyval.tex
(/usr/local/texlive/2016/texmf-dist/tex/generic/xkeyval/xkvutils.tex
\XKV@toks=\toks20
\XKV@tempa@toks=\toks21
)
\XKV@depth=\count108
File: xkeyval.tex 2014/12/03 v2.7a key=value parser (HA)
))
(/usr/local/texlive/2016/texmf-dist/tex/latex/mfirstuc/mfirstuc.sty
Package: mfirstuc 2015/12/17 v2.02 (NLCT)

(/usr/local/texlive/2016/texmf-dist/tex/latex/etoolbox/etoolbox.sty
Package: etoolbox 2015/08/02 v2.2a e-TeX tools for LaTeX (JAW)
\etb@tempcnta=\count109
)
\@glsmfirst=\toks22
\@glsmrest=\toks23
)
(/usr/local/texlive/2016/texmf-dist/tex/latex/textcase/textcase.sty
Package: textcase 2004/10/07 v0.07 Text only upper/lower case changing (DPC)
)
(/usr/local/texlive/2016/texmf-dist/tex/latex/xfor/xfor.sty
Package: xfor 2009/02/05 v1.05 (NLCT)
)
(/usr/local/texlive/2016/texmf-dist/tex/latex/datatool/datatool-base.sty
Package: datatool-base 2016/01/18 v2.25 (NLCT)

(/usr/local/texlive/2016/texmf-dist/tex/latex/amsmath/amsmath.sty
Package: amsmath 2016/03/10 v2.15b AMS math features
\@mathmargin=\skip47

For additional information on amsmath, use the `?' option.
(/usr/local/texlive/2016/texmf-dist/tex/latex/amsmath/amstext.sty
Package: amstext 2000/06/29 v2.01 AMS text

(/usr/local/texlive/2016/texmf-dist/tex/latex/amsmath/amsgen.sty
File: amsgen.sty 1999/11/30 v2.0 generic functions
\@emptytoks=\toks24
\ex@=\dimen133
))
(/usr/local/texlive/2016/texmf-dist/tex/latex/amsmath/amsbsy.sty
Package: amsbsy 1999/11/29 v1.2d Bold Symbols
\pmbraise@=\dimen134
)
(/usr/local/texlive/2016/texmf-dist/tex/latex/amsmath/amsopn.sty
Package: amsopn 2016/03/08 v2.02 operator names
)
\inf@bad=\count110
LaTeX Info: Redefining \frac on input line 199.
\uproot@=\count111
\leftroot@=\count112
LaTeX Info: Redefining \overline on input line 297.
\classnum@=\count113
\DOTSCASE@=\count114
LaTeX Info: Redefining \ldots on input line 394.
LaTeX Info: Redefining \dots on input line 397.
LaTeX Info: Redefining \cdots on input line 518.
\Mathstrutbox@=\box26
\strutbox@=\box27
\big@size=\dimen135
LaTeX Font Info:    Redeclaring font encoding OML on input line 634.
LaTeX Font Info:    Redeclaring font encoding OMS on input line 635.
\macc@depth=\count115
\c@MaxMatrixCols=\count116
\dotsspace@=\muskip11
\c@parentequation=\count117
\dspbrk@lvl=\count118
\tag@help=\toks25
\row@=\count119
\column@=\count120
\maxfields@=\count121
\andhelp@=\toks26
\eqnshift@=\dimen136
\alignsep@=\dimen137
\tagshift@=\dimen138
\tagwidth@=\dimen139
\totwidth@=\dimen140
\lineht@=\dimen141
\@envbody=\toks27
\multlinegap=\skip48
\multlinetaggap=\skip49
\mathdisplay@stack=\toks28
LaTeX Info: Redefining \[ on input line 2739.
LaTeX Info: Redefining \] on input line 2740.
)
(/usr/local/texlive/2016/texmf-dist/tex/latex/substr/substr.sty
Package: substr 2009/10/20 v1.2 Handle substrings
\c@su@anzahl=\count122
)
(/usr/local/texlive/2016/texmf-dist/tex/latex/datatool/datatool-fp.sty
Package: datatool-fp 2016/01/18 v2.25 (NLCT)

(/usr/local/texlive/2016/texmf-dist/tex/latex/fp/fp.sty
Package: fp 1995/04/02

`Fixed Point Package', Version 0.8, April 2, 1995 (C) Michael Mehlich
(/usr/local/texlive/2016/texmf-dist/tex/latex/fp/defpattern.sty
Package: defpattern 1994/10/12
\actioncount=\count123
)
(/usr/local/texlive/2016/texmf-dist/tex/latex/fp/fp-basic.sty
Package: fp-basic 1996/05/13
\FP@xs=\count124
\FP@xia=\count125
\FP@xib=\count126
\FP@xfa=\count127
\FP@xfb=\count128
\FP@rega=\count129
\FP@regb=\count130
\FP@regs=\count131
\FP@times=\count132
)
(/usr/local/texlive/2016/texmf-dist/tex/latex/fp/fp-addons.sty
Package: fp-addons 1995/03/15
)
(/usr/local/texlive/2016/texmf-dist/tex/latex/fp/fp-snap.sty
Package: fp-snap 1995/04/05
)
(/usr/local/texlive/2016/texmf-dist/tex/latex/fp/fp-exp.sty
Package: fp-exp 1995/04/03
)
(/usr/local/texlive/2016/texmf-dist/tex/latex/fp/fp-trigo.sty
Package: fp-trigo 1995/04/14
)
(/usr/local/texlive/2016/texmf-dist/tex/latex/fp/fp-pas.sty
Package: fp-pas 1994/08/29
)
(/usr/local/texlive/2016/texmf-dist/tex/latex/fp/fp-random.sty
Package: fp-random 1995/02/23
\FPseed=\count133
)
(/usr/local/texlive/2016/texmf-dist/tex/latex/fp/fp-eqn.sty
Package: fp-eqn 1995/04/03
)
(/usr/local/texlive/2016/texmf-dist/tex/latex/fp/fp-upn.sty
Package: fp-upn 1996/10/21
)
(/usr/local/texlive/2016/texmf-dist/tex/latex/fp/fp-eval.sty
Package: fp-eval 1995/04/03
)))
\@dtl@toks=\toks29
\@dtl@tmpcount=\count134
\dtl@tmplength=\skip50
\dtl@sortresult=\count135
\@dtl@numgrpsepcount=\count136
\@dtl@datatype=\count137
\dtl@codeA=\count138
\dtl@codeB=\count139
\@dtl@foreach@level=\count140
)
(/usr/local/texlive/2016/texmf-dist/tex/latex/glossaries/base/glossaries-compat
ible-307.sty
Package: glossaries-compatible-307 2016/04/30 v4.23 (NLCT)
)
(/usr/local/texlive/2016/texmf-dist/tex/latex/tracklang/tracklang.sty
Package: tracklang 2015/03/23 v1.2 (NLCT) Track Languages

(/usr/local/texlive/2016/texmf-dist/tex/generic/tracklang/tracklang.tex))
(/usr/local/texlive/2016/texmf-dist/tex/latex/beamer/translator/translator.sty
Package: translator 2010/06/12 ver 1.10

(/usr/local/texlive/2016/texmf-dist/tex/latex/beamer/translator/translator-lang
uage-mappings.tex))
(/usr/local/texlive/2016/texmf-dist/tex/latex/glossaries-english/glossaries-eng
lish.ldf
File: glossaries-english.ldf 2014/11/23 v1.0
)
(/usr/local/texlive/2016/texmf-dist/tex/latex/glossaries-portuges/glossaries-po
rtuges.ldf
File: glossaries-portuges.ldf 2014/11/23 v1.0

(/usr/local/texlive/2016/texmf-dist/tex/latex/glossaries-portuges/glossaries-po
rtuges-utf8.ldf))
\gls@level=\count141
\@gls@tmpb=\toks30
\gls@tmplen=\skip51
\glskeylisttok=\toks31
\glslabeltok=\toks32
\glsshorttok=\toks33
\glslongtok=\toks34

(/usr/local/texlive/2016/texmf-dist/tex/latex/glossaries/styles/glossary-hypern
av.sty
Package: glossary-hypernav 2016/04/30 v4.23 (NLCT)
)
(/usr/local/texlive/2016/texmf-dist/tex/latex/glossaries/styles/glossary-list.s
ty
Package: glossary-list 2016/04/30 v4.23 (NLCT)
\glslistdottedwidth=\skip52
)
(/usr/local/texlive/2016/texmf-dist/tex/latex/glossaries/styles/glossary-long.s
ty
Package: glossary-long 2016/04/30 v4.23 (NLCT)
 (/usr/local/texlive/2016/texmf-dist/tex/latex/tools/longtable.sty
Package: longtable 2014/10/28 v4.11 Multi-page Table package (DPC)
\LTleft=\skip53
\LTright=\skip54
\LTpre=\skip55
\LTpost=\skip56
\LTchunksize=\count142
\LTcapwidth=\dimen142
\LT@head=\box28
\LT@firsthead=\box29
\LT@foot=\box30
\LT@lastfoot=\box31
\LT@cols=\count143
\LT@rows=\count144
\c@LT@tables=\count145
\c@LT@chunks=\count146
\LT@p@ftn=\toks35
)
\glsdescwidth=\skip57
\glspagelistwidth=\skip58
)
(/usr/local/texlive/2016/texmf-dist/tex/latex/glossaries/styles/glossary-super.
sty
Package: glossary-super 2016/04/30 v4.23 (NLCT)
 (/usr/local/texlive/2016/texmf-dist/tex/latex/supertabular/supertabular.sty
Package: supertabular 2004/02/20 v4.1e the supertabular environment
\c@tracingst=\count147
\ST@wd=\dimen143
\ST@rightskip=\skip59
\ST@leftskip=\skip60
\ST@parfillskip=\skip61
\ST@pageleft=\dimen144
\ST@headht=\dimen145
\ST@tailht=\dimen146
\ST@pagesofar=\dimen147
\ST@pboxht=\dimen148
\ST@lineht=\dimen149
\ST@stretchht=\dimen150
\ST@prevht=\dimen151
\ST@toadd=\dimen152
\ST@dimen=\dimen153
\ST@pbox=\box32
))
(/usr/local/texlive/2016/texmf-dist/tex/latex/glossaries/styles/glossary-tree.s
ty
Package: glossary-tree 2016/04/30 v4.23 (NLCT)
\glstreeindent=\skip62
)) (/usr/local/texlive/2016/texmf-dist/tex/latex/pdfpages/pdfpages.sty
Package: pdfpages 2016/04/19 v0.5f Insert pages of external PDF documents (AM)

(/usr/local/texlive/2016/texmf-dist/tex/latex/tools/calc.sty
Package: calc 2014/10/28 v4.3 Infix arithmetic (KKT,FJ)
\calc@Acount=\count148
\calc@Bcount=\count149
\calc@Adimen=\dimen154
\calc@Bdimen=\dimen155
\calc@Askip=\skip63
\calc@Bskip=\skip64
LaTeX Info: Redefining \setlength on input line 80.
LaTeX Info: Redefining \addtolength on input line 81.
\calc@Ccount=\count150
\calc@Cskip=\skip65
)
(/usr/local/texlive/2016/texmf-dist/tex/latex/eso-pic/eso-pic.sty
Package: eso-pic 2015/07/21 v2.0g eso-pic (RN)
)
\AM@pagewidth=\dimen156
\AM@pageheight=\dimen157

(/usr/local/texlive/2016/texmf-dist/tex/latex/pdfpages/pppdftex.def
File: pppdftex.def 2016/04/19 v0.5f Pdfpages driver for pdfTeX (AM)
)
\AM@pagebox=\box33
\AM@global@opts=\toks36
\AM@toc@title=\toks37
\c@AM@survey=\count151
\AM@templatesizebox=\box34
)
(/usr/local/texlive/2016/texmf-dist/tex/latex/listings/listings.sty
\lst@mode=\count152
\lst@gtempboxa=\box35
\lst@token=\toks38
\lst@length=\count153
\lst@currlwidth=\dimen158
\lst@column=\count154
\lst@pos=\count155
\lst@lostspace=\dimen159
\lst@width=\dimen160
\lst@newlines=\count156
\lst@lineno=\count157
\lst@maxwidth=\dimen161

(/usr/local/texlive/2016/texmf-dist/tex/latex/listings/lstmisc.sty
File: lstmisc.sty 2015/06/04 1.6 (Carsten Heinz)
\c@lstnumber=\count158
\lst@skipnumbers=\count159
\lst@framebox=\box36
)
(/usr/local/texlive/2016/texmf-dist/tex/latex/listings/listings.cfg
File: listings.cfg 2015/06/04 1.6 listings configuration
))
Package: listings 2015/06/04 1.6 (Carsten Heinz)

(/usr/local/texlive/2016/texmf-dist/tex/latex/listings/lstlang1.sty
File: lstlang1.sty 2015/06/04 1.6 listings language file
)
(/usr/local/texlive/2016/texmf-dist/tex/latex/soul/soul.sty
Package: soul 2003/11/17 v2.4 letterspacing/underlining (mf)
\SOUL@word=\toks39
\SOUL@lasttoken=\toks40
\SOUL@cmds=\toks41
\SOUL@buffer=\toks42
\SOUL@token=\toks43
\SOUL@spaceskip=\skip66
\SOUL@ttwidth=\dimen162
\SOUL@uldp=\dimen163
\SOUL@ulht=\dimen164
)
(/usr/local/texlive/2016/texmf-dist/tex/latex/enumitem/enumitem.sty
Package: enumitem 2011/09/28 v3.5.2 Customized lists
\labelindent=\skip67
\enit@outerparindent=\dimen165
\enit@toks=\toks44
\enit@inbox=\box37
\enitdp@description=\count160
)
(/usr/local/texlive/2016/texmf-dist/tex/latex/caption/caption.sty
Package: caption 2016/02/21 v3.3-144 Customizing captions (AR)

(/usr/local/texlive/2016/texmf-dist/tex/latex/caption/caption3.sty
Package: caption3 2016/02/04 v1.7-139 caption3 kernel (AR)
Package caption3 Info: TeX engine: e-TeX on input line 67.
\captionmargin=\dimen166
\captionmargin@=\dimen167
\captionwidth=\dimen168
\caption@tempdima=\dimen169
\caption@indent=\dimen170
\caption@parindent=\dimen171
\caption@hangindent=\dimen172
)
\c@ContinuedFloat=\count161
Package caption Info: hyperref package is loaded.
Package caption Info: hypcap package is loaded.
Package caption Info: listings package is loaded.
Package caption Info: longtable package is loaded.

(/usr/local/texlive/2016/texmf-dist/tex/latex/caption/ltcaption.sty
Package: ltcaption 2013/06/09 v1.4-94 longtable captions (AR)
)
Package caption Info: supertabular package is loaded.
)
(/usr/local/texlive/2016/texmf-dist/tex/latex/tools/indentfirst.sty
Package: indentfirst 1995/11/23 v1.03 Indent first paragraph (DPC)
)
(/usr/local/texlive/2016/texmf-dist/tex/latex/multirow/multirow.sty
\bigstrutjot=\dimen173
)
(/usr/local/texlive/2016/texmf-dist/tex/latex/amsfonts/amssymb.sty
Package: amssymb 2013/01/14 v3.01 AMS font symbols

(/usr/local/texlive/2016/texmf-dist/tex/latex/amsfonts/amsfonts.sty
Package: amsfonts 2013/01/14 v3.01 Basic AMSFonts support
\symAMSa=\mathgroup4
\symAMSb=\mathgroup5
LaTeX Font Info:    Overwriting math alphabet `\mathfrak' in version `bold'
(Font)                  U/euf/m/n --> U/euf/b/n on input line 106.
))
(/usr/local/texlive/2016/texmf-dist/tex/latex/float/float.sty
Package: float 2001/11/08 v1.3d Float enhancements (AL)
\c@float@type=\count162
\float@exts=\toks45
\float@box=\box38
\@float@everytoks=\toks46
\@floatcapt=\box39
)
\@float@every@table=\toks47

(/usr/local/texlive/2016/texmf-dist/tex/latex/wrapfig/wrapfig.sty
\wrapoverhang=\dimen174
\WF@size=\dimen175
\c@WF@wrappedlines=\count163
\WF@box=\box40
\WF@everypar=\toks48
Package: wrapfig 2003/01/31  v 3.6
)
\glswrite=\write3
\glo@main@file=\write4
\openout4 = `dissertation.glo'.

Package glossaries Info: Writing glossary file dissertation.glo on input line 5
6.
\glo@acronym@file=\write5
\openout5 = `dissertation.acn'.

Package glossaries Info: Writing glossary file dissertation.acn on input line 5
6.

(./acronyms/acronyms.tex) (./dissertation.aux (./cover.aux)
(./abstract/abstract-en.aux) (./abstract/abstract-pt.aux)
(./chapters/Introduction.aux) (./chapters/background.aux)
(./chapters/studyImplementation.aux) (./chapters/studyResults.aux

LaTeX Warning: Label `subsec:results_preparation' multiply defined.


LaTeX Warning: Label `fig:onlinehsvregular_10' multiply defined.


LaTeX Warning: Label `subsubsec:demo_age' multiply defined.

) (./chapters/conclusion.aux) (./appendix/protocol.aux) (./appendix/matlab.aux)
(./appendix/diagrams.aux) (./appendix/tables.aux))
\openout1 = `dissertation.aux'.

LaTeX Font Info:    Checking defaults for OML/cmm/m/it on input line 84.
LaTeX Font Info:    ... okay on input line 84.
LaTeX Font Info:    Checking defaults for T1/cmr/m/n on input line 84.
LaTeX Font Info:    ... okay on input line 84.
LaTeX Font Info:    Checking defaults for OT1/cmr/m/n on input line 84.
LaTeX Font Info:    ... okay on input line 84.
LaTeX Font Info:    Checking defaults for OMS/cmsy/m/n on input line 84.
LaTeX Font Info:    ... okay on input line 84.
LaTeX Font Info:    Checking defaults for OMX/cmex/m/n on input line 84.
LaTeX Font Info:    ... okay on input line 84.
LaTeX Font Info:    Checking defaults for U/cmr/m/n on input line 84.
LaTeX Font Info:    ... okay on input line 84.
LaTeX Font Info:    Checking defaults for PD1/pdf/m/n on input line 84.
LaTeX Font Info:    ... okay on input line 84.
LaTeX Font Info:    Try loading font information for OT1+phv on input line 84.

(/usr/local/texlive/2016/texmf-dist/tex/latex/psnfss/ot1phv.fd
File: ot1phv.fd 2001/06/04 scalable font definitions for OT1/phv.
)
*geometry* driver: auto-detecting
*geometry* detected driver: pdftex
*geometry* verbose mode - [ preamble ] result:
* driver: pdftex
* paper: a4paper
* layout: <same size as paper>
* layoutoffset:(h,v)=(0.0pt,0.0pt)
* modes: twoside 
* h-part:(L,W,R)=(71.13188pt, 455.24411pt, 71.13188pt)
* v-part:(T,H,B)=(71.13188pt, 702.78308pt, 71.13188pt)
* \paperwidth=597.50787pt
* \paperheight=845.04684pt
* \textwidth=455.24411pt
* \textheight=702.78308pt
* \oddsidemargin=-1.1381pt
* \evensidemargin=-1.1381pt
* \topmargin=-38.1381pt
* \headheight=12.0pt
* \headsep=25.0pt
* \topskip=10.0pt
* \footskip=30.0pt
* \marginparwidth=111.0pt
* \marginparsep=11.0pt
* \columnsep=10.0pt
* \skip\footins=9.0pt plus 4.0pt minus 2.0pt
* \hoffset=0.0pt
* \voffset=0.0pt
* \mag=1000
* \@twocolumnfalse
* \@twosidetrue
* \@mparswitchtrue
* \@reversemarginfalse
* (1in=72.27pt=25.4mm, 1cm=28.453pt)

\AtBeginShipoutBox=\box41
Package hyperref Info: Link coloring OFF on input line 84.
(/usr/local/texlive/2016/texmf-dist/tex/latex/hyperref/nameref.sty
Package: nameref 2012/10/27 v2.43 Cross-referencing by name of section

(/usr/local/texlive/2016/texmf-dist/tex/generic/oberdiek/gettitlestring.sty
Package: gettitlestring 2016/05/16 v1.5 Cleanup title references (HO)
)
\c@section@level=\count164
)
LaTeX Info: Redefining \ref on input line 84.
LaTeX Info: Redefining \pageref on input line 84.
LaTeX Info: Redefining \nameref on input line 84.

(./dissertation.out) (./dissertation.out)
\@outlinefile=\write6
\openout6 = `dissertation.out'.


(/usr/local/texlive/2016/texmf-dist/tex/context/base/mkii/supp-pdf.mkii
[Loading MPS to PDF converter (version 2006.09.02).]
\scratchcounter=\count165
\scratchdimen=\dimen176
\scratchbox=\box42
\nofMPsegments=\count166
\nofMParguments=\count167
\everyMPshowfont=\toks49
\MPscratchCnt=\count168
\MPscratchDim=\dimen177
\MPnumerator=\count169
\makeMPintoPDFobject=\count170
\everyMPtoPDFconversion=\toks50
) (/usr/local/texlive/2016/texmf-dist/tex/latex/oberdiek/epstopdf-base.sty
Package: epstopdf-base 2016/05/15 v2.6 Base part for package epstopdf

(/usr/local/texlive/2016/texmf-dist/tex/latex/oberdiek/grfext.sty
Package: grfext 2016/05/16 v1.2 Manage graphics extensions (HO)
)
Package grfext Info: Graphics extension search list:
(grfext)             [.png,.pdf,.jpg,.mps,.jpeg,.jbig2,.jb2,.PNG,.PDF,.JPG,.JPE
G,.JBIG2,.JB2,.eps]
(grfext)             \AppendGraphicsExtensions on input line 456.

(/usr/local/texlive/2016/texmf-dist/tex/latex/latexconfig/epstopdf-sys.cfg
File: epstopdf-sys.cfg 2010/07/13 v1.3 Configuration of (r)epstopdf for TeX Liv
e
))
(/usr/local/texlive/2016/texmf-dist/tex/latex/oberdiek/pdflscape.sty
Package: pdflscape 2016/05/14 v0.11 Display of landscape pages in PDF (HO)

(/usr/local/texlive/2016/texmf-dist/tex/latex/graphics/lscape.sty
Package: lscape 2000/10/22 v3.01 Landscape Pages (DPC)
)
Package pdflscape Info: Auto-detected driver: pdftex on input line 81.
)
\c@lstlisting=\count171
Package caption Info: Begin \AtBeginDocument code.
Package caption Info: float package is loaded.
Package caption Info: wrapfig package is loaded.
Package caption Info: End \AtBeginDocument code.

(./variables.tex)
\openout2 = `cover.aux'.

 (./cover.tex
Package epstopdf Info: Source file: <images/ist-logo.eps>
(epstopdf)                    date: 2016-06-11 04:10:46
(epstopdf)                    size: 651034 bytes
(epstopdf)             Output file: <images/ist-logo-eps-converted-to.pdf>
(epstopdf)                    date: 2016-06-11 04:10:46
(epstopdf)                    size: 15660 bytes
(epstopdf)             Command: <epstopdf --outfile=images/ist-logo-eps-convert
ed-to.pdf images/ist-logo.eps>
(epstopdf)             \includegraphics on input line 10.
Package epstopdf Info: Output file is already uptodate.

<images/ist-logo-eps-converted-to.pdf, id=305, 500.87125pt x 193.72375pt>
File: images/ist-logo-eps-converted-to.pdf Graphic file (type pdf)

<use images/ist-logo-eps-converted-to.pdf>
Package pdftex.def Info: images/ist-logo-eps-converted-to.pdf used on input lin
e 10.
(pdftex.def)             Requested size: 142.26378pt x 55.02264pt.

Underfull \hbox (badness 10000) in paragraph at lines 10--11

 []

LaTeX Font Info:    Font shape `OT1/phv/bx/n' in size <17.28> not available
(Font)              Font shape `OT1/phv/b/n' tried instead on input line 15.
LaTeX Font Info:    Font shape `OT1/phv/bx/n' in size <14.4> not available
(Font)              Font shape `OT1/phv/b/n' tried instead on input line 23.
[1

\openout3 = `dissertation.ist'.



{/usr/local/texlive/2016/texmf-var/fonts/map/pdftex/updmap/pdftex.map} <./image
s/ist-logo-eps-converted-to.pdf>])pdfTeX warning (ext4): destination with the s
ame identifier (name{page.}) has been already used, duplicate ignored
<to be read again> 
                   \relax 
l.95 \NewPage
              [2

] (./acknowledgments/acknowledgments.tex
LaTeX Font Info:    Font shape `OT1/phv/bx/n' in size <24.88> not available
(Font)              Font shape `OT1/phv/b/n' tried instead on input line 3.

Underfull \hbox (badness 10000) in paragraph at lines 4--5

 []

) [1


] [2]
\openout2 = `abstract/abstract-en.aux'.

 (./abstract/abstract-en.tex
LaTeX Font Info:    Font shape `OT1/phv/bx/n' in size <10> not available
(Font)              Font shape `OT1/phv/b/n' tried instead on input line 4.
 [3


]) [4
\select@language{english}
\@writefile{toc}{\select@language{english}}
\@writefile{lof}{\select@language{english}}
\@writefile{lot}{\select@language{english}}

]
\openout2 = `abstract/abstract-pt.aux'.

 (./abstract/abstract-pt.tex [5


]) [6
\select@language{english}
\@writefile{toc}{\select@language{english}}
\@writefile{lof}{\select@language{english}}
\@writefile{lot}{\select@language{english}}

] (./dissertation.toc
LaTeX Font Info:    Try loading font information for U+msa on input line 8.

(/usr/local/texlive/2016/texmf-dist/tex/latex/amsfonts/umsa.fd
File: umsa.fd 2013/01/14 v3.01 AMS symbols A
)
LaTeX Font Info:    Try loading font information for U+msb on input line 8.

(/usr/local/texlive/2016/texmf-dist/tex/latex/amsfonts/umsb.fd
File: umsb.fd 2013/01/14 v3.01 AMS symbols B
) [7


])
\tf@toc=\write7
\openout7 = `dissertation.toc'.

 [8]
(./dissertation.lot
LaTeX Font Info:    Font shape `OT1/phv/m/it' in size <10> not available
(Font)              Font shape `OT1/phv/m/sl' tried instead on input line 32.
)
\tf@lot=\write8
\openout8 = `dissertation.lot'.

 [9


] [10] (./dissertation.lof [11


] [12])
\tf@lof=\write9
\openout9 = `dissertation.lof'.

 [13] [14]
(./dissertation.acr) [15



] [16] (./chapters/main.tex
\openout2 = `chapters/Introduction.aux'.


(./chapters/Introduction.tex
Chapter 1.
LaTeX Font Info:    Font shape `OT1/phv/bx/n' in size <20.74> not available
(Font)              Font shape `OT1/phv/b/n' tried instead on input line 3.
LaTeX Font Info:    Font shape `OT1/phv/bx/it' in size <10> not available
(Font)              Font shape `OT1/phv/b/it' tried instead on input line 7.
LaTeX Font Info:    Font shape `OT1/phv/b/it' in size <10> not available
(Font)              Font shape `OT1/phv/b/sl' tried instead on input line 7.
) [1



]
\openout2 = `chapters/background.aux'.

 (./chapters/background.tex [2



]
Chapter 2.
LaTeX Font Info:    Font shape `OT1/phv/bx/n' in size <12> not available
(Font)              Font shape `OT1/phv/b/n' tried instead on input line 9.
[3] <images/background/Eye_Anatomy.jpg, id=749, 501.875pt x 359.3425pt>
File: images/background/Eye_Anatomy.jpg Graphic file (type jpg)

<use images/background/Eye_Anatomy.jpg>
Package pdftex.def Info: images/background/Eye_Anatomy.jpg used on input line 5
4.
(pdftex.def)             Requested size: 182.09486pt x 130.38306pt.

<images/background/Visible-spectrum.jpg, id=753, 605.6226pt x 289.08pt>
File: images/background/Visible-spectrum.jpg Graphic file (type jpg)

<use images/background/Visible-spectrum.jpg>
Package pdftex.def Info: images/background/Visible-spectrum.jpg used on input l
ine 71.
(pdftex.def)             Requested size: 318.66948pt x 152.11333pt.

<images/background/Eye_ConesRods.png, id=759, 481.8pt x 423.83344pt>
File: images/background/Eye_ConesRods.png Graphic file (type png)

<use images/background/Eye_ConesRods.png>
Package pdftex.def Info: images/background/Eye_ConesRods.png used on input line
 92.
(pdftex.def)             Requested size: 136.57462pt x 120.1406pt.
 [4 <./images/background/Eye_Anatomy.jpg> <./images/background/Visible-spectrum
.jpg>]
LaTeX Font Info:    Try loading font information for OMS+phv on input line 133.


(/usr/local/texlive/2016/texmf-dist/tex/latex/psnfss/omsphv.fd
File: omsphv.fd 
)
LaTeX Font Info:    Font shape `OMS/phv/m/n' in size <10> not available
(Font)              Font shape `OMS/cmsy/m/n' tried instead on input line 133.

Underfull \hbox (badness 10000) in paragraph at lines 143--149

 []

[5 <./images/background/Eye_ConesRods.png>]
<images/background/Eye_Color_Sensitivity.jpg, id=787, 246.6816pt x 160.9212pt>
File: images/background/Eye_Color_Sensitivity.jpg Graphic file (type jpg)

<use images/background/Eye_Color_Sensitivity.jpg>
Package pdftex.def Info: images/background/Eye_Color_Sensitivity.jpg used on in
put line 154.
(pdftex.def)             Requested size: 295.90588pt x 193.05045pt.

Underfull \vbox (badness 2302) has occurred while \output is active []

 [6 <./images/background/Eye_Color_Sensitivity.jpg>]
<images/background/ColorBlindnessCorrespondance.png, id=802, 1019.81pt x 257.96
375pt>
File: images/background/ColorBlindnessCorrespondance.png Graphic file (type png
)
 <use images/background/ColorBlindnessCorrespondance.png>
Package pdftex.def Info: images/background/ColorBlindnessCorrespondance.png use
d on input line 222.
(pdftex.def)             Requested size: 409.71692pt x 103.64026pt.

<images/background/IshiharaPlates.jpg, id=807, 385.44pt x 378.41376pt>
File: images/background/IshiharaPlates.jpg Graphic file (type jpg)

<use images/background/IshiharaPlates.jpg>
Package pdftex.def Info: images/background/IshiharaPlates.jpg used on input lin
e 235.
(pdftex.def)             Requested size: 136.57462pt x 134.08087pt.
 [7 <./images/background/ColorBlindnessCorrespondance.png>]
<images/background/Himba_green-color-ring.jpg, id=823, 481.8pt x 371.3875pt>
File: images/background/Himba_green-color-ring.jpg Graphic file (type jpg)

<use images/background/Himba_green-color-ring.jpg>
Package pdftex.def Info: images/background/Himba_green-color-ring.jpg used on i
nput line 267.
(pdftex.def)             Requested size: 136.57462pt x 105.27417pt.

Underfull \hbox (badness 3428) in paragraph at lines 268--268
[]\OT1/phv/m/n/10 Figure 2.7: |[]Example of a
 []


Underfull \hbox (badness 10000) in paragraph at lines 272--286

 []

[8 <./images/background/IshiharaPlates.jpg> <./images/background/Himba_green-co
lor-ring.jpg>]
<images/background/Trichromacy.png, id=842, 428.60126pt x 344.28625pt>
File: images/background/Trichromacy.png Graphic file (type png)

<use images/background/Trichromacy.png>
Package pdftex.def Info: images/background/Trichromacy.png used on input line 3
06.
(pdftex.def)             Requested size: 136.57462pt x 109.7063pt.

<images/background/Hue_Saturation_value.png, id=845, 752.8125pt x 451.6875pt>
File: images/background/Hue_Saturation_value.png Graphic file (type png)

<use images/background/Hue_Saturation_value.png>
Package pdftex.def Info: images/background/Hue_Saturation_value.png used on inp
ut line 331.
(pdftex.def)             Requested size: 227.62206pt x 136.57558pt.
 [9 <./images/background/Trichromacy.png> <./images/background/Hue_Saturation_v
alue.png>]
<images/background/Luminance.jpg, id=866, 501.875pt x 244.915pt>
File: images/background/Luminance.jpg Graphic file (type jpg)

<use images/background/Luminance.jpg>
Package pdftex.def Info: images/background/Luminance.jpg used on input line 372
.
(pdftex.def)             Requested size: 227.62206pt x 111.08147pt.
 [10 <./images/background/Luminance.jpg>]
Underfull \hbox (badness 10000) in paragraph at lines 396--402

 []

<images/background/RYB.png, id=882, 256.96pt x 244.915pt>
File: images/background/RYB.png Graphic file (type png)

<use images/background/RYB.png>
Package pdftex.def Info: images/background/RYB.png used on input line 430.
(pdftex.def)             Requested size: 113.81102pt x 108.4767pt.
 [11 <./images/background/RYB.png>]
<images/background/RGB.png, id=895, 401.5pt x 368.37625pt>
File: images/background/RGB.png Graphic file (type png)

<use images/background/RGB.png>
Package pdftex.def Info: images/background/RGB.png used on input line 455.
(pdftex.def)             Requested size: 113.81102pt x 104.4206pt.


Package wrapfig Warning: Collision between wrapping environments on input line 
473.

<images/background/HSV_TriangleCone.png, id=900, 867.24pt x 385.44pt>
File: images/background/HSV_TriangleCone.png Graphic file (type png)

<use images/background/HSV_TriangleCone.png>
Package pdftex.def Info: images/background/HSV_TriangleCone.png used on input l
ine 476.
(pdftex.def)             Requested size: 182.09486pt x 80.92714pt.


Package wrapfig Warning: Stationary wrapfigure forced to float on input line 47
9.


Overfull \hbox (32.14769pt too wide) in paragraph at lines 482--493
\OT1/phv/m/n/10 rect the flaw in RGB. This acronym stands for $[]$,
 []

<images/background/CMYK.jpg, id=904, 259.97125pt x 242.9075pt>
File: images/background/CMYK.jpg Graphic file (type jpg)

<use images/background/CMYK.jpg>
Package pdftex.def Info: images/background/CMYK.jpg used on input line 503.
(pdftex.def)             Requested size: 113.81102pt x 106.33847pt.

Underfull \hbox (badness 8000) in paragraph at lines 504--504
[]\OT1/phv/m/n/10 Figure 2.14: |[]CMY(K)
 []

[12 <./images/background/RGB.png> <./images/background/HSV_TriangleCone.png> <.
/images/background/CMYK.jpg>]
<images/background/HalftoningComplete.jpg, id=920, 588.1975pt x 182.6825pt>
File: images/background/HalftoningComplete.jpg Graphic file (type jpg)

<use images/background/HalftoningComplete.jpg>
Package pdftex.def Info: images/background/HalftoningComplete.jpg used on input
 line 527.
(pdftex.def)             Requested size: 455.24411pt x 141.39069pt.

<images/background/MunsellSystem.png, id=924, 602.25pt x 602.25pt>
File: images/background/MunsellSystem.png Graphic file (type png)

<use images/background/MunsellSystem.png>
Package pdftex.def Info: images/background/MunsellSystem.png used on input line
 559.
(pdftex.def)             Requested size: 143.40341pt x 143.40344pt.

Underfull \hbox (badness 1132) in paragraph at lines 560--560
[]\OT1/phv/m/n/10 Figure 2.16: |[]Munsell Color Sys-
 []

[13 <./images/background/HalftoningComplete.jpg>]
<images/background/CIE_RGB_CMYK.jpg, id=942, 1304.875pt x 1467.4825pt>
File: images/background/CIE_RGB_CMYK.jpg Graphic file (type jpg)

<use images/background/CIE_RGB_CMYK.jpg>
Package pdftex.def Info: images/background/CIE_RGB_CMYK.jpg used on input line 
603.
(pdftex.def)             Requested size: 182.09486pt x 204.77438pt.

Underfull \vbox (badness 10000) has occurred while \output is active []

 [14 <./images/background/MunsellSystem.png>]
<images/background/CIELAB.jpg, id=956, 401.5pt x 309.155pt>
File: images/background/CIELAB.jpg Graphic file (type jpg)

<use images/background/CIELAB.jpg>
Package pdftex.def Info: images/background/CIELAB.jpg used on input line 646.
(pdftex.def)             Requested size: 136.57462pt x 105.1632pt.
 [15 <./images/background/CIE_RGB_CMYK.jpg>]
<images/background/Pantone_Marsala.jpg, id=969, 2055.68pt x 1541.76pt>
File: images/background/Pantone_Marsala.jpg Graphic file (type jpg)

<use images/background/Pantone_Marsala.jpg>
Package pdftex.def Info: images/background/Pantone_Marsala.jpg used on input li
ne 683.
(pdftex.def)             Requested size: 182.09486pt x 136.56454pt.
LaTeX Font Info:    Font shape `OMS/phv/m/n' in size <6> not available
(Font)              Font shape `OMS/cmsy/m/n' tried instead on input line 702.
 [16 <./images/background/CIELAB.jpg> <./images/background/Pantone_Marsala.jpg>
]
<images/background/NCS.png, id=979, 623.32875pt x 537.00626pt>
File: images/background/NCS.png Graphic file (type png)

<use images/background/NCS.png>
Package pdftex.def Info: images/background/NCS.png used on input line 708.
(pdftex.def)             Requested size: 182.09486pt x 156.87498pt.

<images/background/Adelson_Illusion.jpg, id=985, 309.155pt x 247.92625pt>
File: images/background/Adelson_Illusion.jpg Graphic file (type jpg)

<use images/background/Adelson_Illusion.jpg>
Package pdftex.def Info: images/background/Adelson_Illusion.jpg used on input l
ine 752.
(pdftex.def)             Requested size: 182.09486pt x 146.03688pt.
 [17 <./images/background/NCS.png>] <images/background/color_wheels.png, id=100
6, 401.5pt x 175.65625pt>
File: images/background/color_wheels.png Graphic file (type png)

<use images/background/color_wheels.png>
Package pdftex.def Info: images/background/color_wheels.png used on input line 
797.
(pdftex.def)             Requested size: 273.14923pt x 119.51166pt.
 [18 <./images/background/Adelson_Illusion.jpg> <./images/background/color_whee
ls.png (PNG copy)>]
<images/background/SchemesTogether.jpg, id=1016, 636.3775pt x 449.68pt>
File: images/background/SchemesTogether.jpg Graphic file (type jpg)

<use images/background/SchemesTogether.jpg>
Package pdftex.def Info: images/background/SchemesTogether.jpg used on input li
ne 814.
(pdftex.def)             Requested size: 273.14923pt x 193.00868pt.

<images/background/monochromatic.jpg, id=1020, 602.25pt x 602.25pt>
File: images/background/monochromatic.jpg Graphic file (type jpg)

<use images/background/monochromatic.jpg>
Package pdftex.def Info: images/background/monochromatic.jpg used on input line
 825.
(pdftex.def)             Requested size: 95.6018pt x 95.59923pt.

Underfull \hbox (badness 1205) in paragraph at lines 826--826
[]\OT1/phv/m/n/10 Figure 2.24: |[]Monochromatic
 []

<images/background/SpectrumScale.png, id=1026, 439.6425pt x 338.26375pt>
File: images/background/SpectrumScale.png Graphic file (type png)

<use images/background/SpectrumScale.png>
Package pdftex.def Info: images/background/SpectrumScale.png used on input line
 840.
(pdftex.def)             Requested size: 159.33821pt x 122.59552pt.

Underfull \hbox (badness 10000) in paragraph at lines 841--841
[]\OT1/phv/m/n/10 Figure 2.25: |[]Spectrum Scale.
 []

[19 <./images/background/SchemesTogether.jpg> <./images/background/monochromati
c.jpg> <./images/background/SpectrumScale.png>]
<images/background/HeatedObjectScale.png, id=1042, 438.63875pt x 335.2525pt>
File: images/background/HeatedObjectScale.png Graphic file (type png)

<use images/background/HeatedObjectScale.png>
Package pdftex.def Info: images/background/HeatedObjectScale.png used on input 
line 869.
(pdftex.def)             Requested size: 159.33821pt x 121.78552pt.
 [20 <./images/background/HeatedObjectScale.png>]) [21]
\openout2 = `chapters/studyImplementation.aux'.

 (./chapters/studyImplementation.tex [22



]
Chapter 3.

Underfull \hbox (badness 10000) in paragraph at lines 31--45

 []


Underfull \hbox (badness 10000) in paragraph at lines 31--45

 []

[23]
Underfull \hbox (badness 10000) in paragraph at lines 50--52

 []

[24] <images/blacktest_example.png, id=1084, 993.7125pt x 770.88pt>
File: images/blacktest_example.png Graphic file (type png)

<use images/blacktest_example.png>
Package pdftex.def Info: images/blacktest_example.png used on input line 91.
(pdftex.def)             Requested size: 159.33821pt x 123.6021pt.
)
Underfull \hbox (badness 10000) in paragraph at lines 146--11

 []


Underfull \vbox (badness 3333) has occurred while \output is active []

 [25 <./images/blacktest_example.png>] [26]
\openout2 = `chapters/studyResults.aux'.

 (./chapters/studyResults.tex
Chapter 4.
[27



]
LaTeX Font Info:    Font shape `OMS/phv/m/n' in size <7> not available
(Font)              Font shape `OMS/cmsy/m/n' tried instead on input line 80.
 [28]
LaTeX Font Info:    Font shape `OT1/phv/m/it' in size <7> not available
(Font)              Font shape `OT1/phv/m/sl' tried instead on input line 107.
LaTeX Font Info:    Font shape `OMS/phv/m/it' in size <7> not available
(Font)              Font shape `OMS/cmsy/m/n' tried instead on input line 107.
 [29] [30] [31]
Package hyperref Info: bookmark level for unknown lstlisting defaults to 0 on i
nput line 238.
LaTeX Font Info:    Font shape `OT1/phv/bx/n' in size <9> not available
(Font)              Font shape `OT1/phv/b/n' tried instead on input line 239.
LaTeX Font Info:    Try loading font information for OML+phv on input line 240.


(/usr/local/texlive/2016/texmf-dist/tex/latex/psnfss/omlphv.fd
File: omlphv.fd 
)
LaTeX Font Info:    Font shape `OML/phv/m/n' in size <9> not available
(Font)              Font shape `OML/cmm/m/it' tried instead on input line 240.
 [32]
<images/results/satfaces_map.png, id=1194, 1027.84pt x 1027.84pt>
File: images/results/satfaces_map.png Graphic file (type png)

<use images/results/satfaces_map.png>
Package pdftex.def Info: images/results/satfaces_map.png used on input line 278
.
(pdftex.def)             Requested size: 227.62206pt x 227.61543pt.
 [33 <./images/results/satfaces_map.png>]
<images/results/colorbins_areas.png, id=1205, 578.16pt x 433.62pt>
File: images/results/colorbins_areas.png Graphic file (type png)

<use images/results/colorbins_areas.png>
Package pdftex.def Info: images/results/colorbins_areas.png used on input line 
326.
(pdftex.def)             Requested size: 221.24437pt x 165.92857pt.

<images/results/cie_colors.png, id=1206, 431.6125pt x 402.50375pt>
File: images/results/cie_colors.png Graphic file (type png)

<use images/results/cie_colors.png>
Package pdftex.def Info: images/results/cie_colors.png used on input line 332.
(pdftex.def)             Requested size: 178.22585pt x 166.20067pt.

<images/results/colorbins_transformation.png, id=1211, 897.3525pt x 346.29375pt
>
File: images/results/colorbins_transformation.png Graphic file (type png)
 <use images/results/colorbins_transformation.png>
Package pdftex.def Info: images/results/colorbins_transformation.png used on in
put line 347.
(pdftex.def)             Requested size: 364.19667pt x 140.5441pt.
 [34 <./images/results/colorbins_areas.png (PNG copy)> <./images/results/cie_co
lors.png>] [35 <./images/results/colorbins_transformation.png>] [36] [37] [38] 
[39] [40] [41] [42] [43]
<images/results/10_online_regularUsers.png, id=1297, 578.16pt x 433.62pt>
File: images/results/10_online_regularUsers.png Graphic file (type png)

<use images/results/10_online_regularUsers.png>
Package pdftex.def Info: images/results/10_online_regularUsers.png used on inpu
t line 846.
(pdftex.def)             Requested size: 218.51521pt x 163.88408pt.

<images/results/10_online_HSVresponses.png, id=1298, 578.16pt x 433.62pt>
File: images/results/10_online_HSVresponses.png Graphic file (type png)

<use images/results/10_online_HSVresponses.png>
Package pdftex.def Info: images/results/10_online_HSVresponses.png used on inpu
t line 852.
(pdftex.def)             Requested size: 218.51521pt x 163.88408pt.
 [44 <./images/results/10_online_regularUsers.png (PNG copy)> <./images/results
/10_online_HSVresponses.png (PNG copy)>]
<images/results/11_online_regularUsers.png, id=1307, 578.16pt x 433.62pt>
File: images/results/11_online_regularUsers.png Graphic file (type png)

<use images/results/11_online_regularUsers.png>
Package pdftex.def Info: images/results/11_online_regularUsers.png used on inpu
t line 893.
(pdftex.def)             Requested size: 218.51521pt x 163.88408pt.

<images/results/11_online_HSVresponses.png, id=1308, 578.16pt x 433.62pt>
File: images/results/11_online_HSVresponses.png Graphic file (type png)

<use images/results/11_online_HSVresponses.png>
Package pdftex.def Info: images/results/11_online_HSVresponses.png used on inpu
t line 899.
(pdftex.def)             Requested size: 218.51521pt x 163.88408pt.
 [45 <./images/results/11_online_regularUsers.png (PNG copy)> <./images/results
/11_online_HSVresponses.png (PNG copy)>]
<images/results/3_online_HSVresponses.png, id=1318, 578.16pt x 433.62pt>
File: images/results/3_online_HSVresponses.png Graphic file (type png)

<use images/results/3_online_HSVresponses.png>
Package pdftex.def Info: images/results/3_online_HSVresponses.png used on input
 line 946.
(pdftex.def)             Requested size: 218.51521pt x 163.88408pt.

<images/results/12_online_HSVresponses.png, id=1319, 578.16pt x 433.62pt>
File: images/results/12_online_HSVresponses.png Graphic file (type png)

<use images/results/12_online_HSVresponses.png>
Package pdftex.def Info: images/results/12_online_HSVresponses.png used on inpu
t line 952.
(pdftex.def)             Requested size: 218.51521pt x 163.88408pt.
 [46 <./images/results/3_online_HSVresponses.png (PNG copy)> <./images/results/
12_online_HSVresponses.png (PNG copy)>]
File: images/results/10_online_HSVresponses.png Graphic file (type png)
 <use images/results/10_online_HSVresponses.png>
Package pdftex.def Info: images/results/10_online_HSVresponses.png used on inpu
t line 1004.
(pdftex.def)             Requested size: 218.51521pt x 163.88408pt.

<images/results/13_online_RGBresponses.png, id=1329, 578.16pt x 433.62pt>
File: images/results/13_online_RGBresponses.png Graphic file (type png)

<use images/results/13_online_RGBresponses.png>
Package pdftex.def Info: images/results/13_online_RGBresponses.png used on inpu
t line 1010.
(pdftex.def)             Requested size: 218.51521pt x 163.88408pt.
 [47 <./images/results/13_online_RGBresponses.png (PNG copy)>] [48]
<images/results/9_online_HSVresponses.png, id=1345, 578.16pt x 433.62pt>
File: images/results/9_online_HSVresponses.png Graphic file (type png)

<use images/results/9_online_HSVresponses.png>
Package pdftex.def Info: images/results/9_online_HSVresponses.png used on input
 line 1093.
(pdftex.def)             Requested size: 218.51521pt x 163.88408pt.

<images/results/15_online_HSVresponses.png, id=1346, 578.16pt x 433.62pt>
File: images/results/15_online_HSVresponses.png Graphic file (type png)

<use images/results/15_online_HSVresponses.png>
Package pdftex.def Info: images/results/15_online_HSVresponses.png used on inpu
t line 1099.
(pdftex.def)             Requested size: 218.51521pt x 163.88408pt.
 [49 <./images/results/9_online_HSVresponses.png (PNG copy)> <./images/results/
15_online_HSVresponses.png (PNG copy)>]
<images/results/16_online_regularUsers.png, id=1357, 578.16pt x 433.62pt>
File: images/results/16_online_regularUsers.png Graphic file (type png)

<use images/results/16_online_regularUsers.png>
Package pdftex.def Info: images/results/16_online_regularUsers.png used on inpu
t line 1138.
(pdftex.def)             Requested size: 218.51521pt x 163.88408pt.

<images/results/16_online_HSVresponses.png, id=1358, 578.16pt x 433.62pt>
File: images/results/16_online_HSVresponses.png Graphic file (type png)

<use images/results/16_online_HSVresponses.png>
Package pdftex.def Info: images/results/16_online_HSVresponses.png used on inpu
t line 1144.
(pdftex.def)             Requested size: 218.51521pt x 163.88408pt.
 [50 <./images/results/16_online_regularUsers.png (PNG copy)> <./images/results
/16_online_HSVresponses.png (PNG copy)>] [51] <images/results/HSV_hue.png, id=1
372, 537.00626pt x 443.6575pt>
File: images/results/HSV_hue.png Graphic file (type png)

<use images/results/HSV_hue.png>
Package pdftex.def Info: images/results/HSV_hue.png used on input line 1255.
(pdftex.def)             Requested size: 136.57462pt x 112.82991pt.


LaTeX Warning: Command \textordmasculine invalid in math mode on input line 125
6.


LaTeX Warning: Command \textordmasculine invalid in math mode on input line 125
6.


LaTeX Warning: Command \textordmasculine invalid in math mode on input line 125
6.


LaTeX Warning: Command \textordmasculine invalid in math mode on input line 125
6.

[52 <./images/results/HSV_hue.png>]

LaTeX Warning: Command \textordmasculine invalid in math mode on input line 127
5.

<images/results/15_lab_HSVresponses.png, id=1382, 578.16pt x 433.62pt>
File: images/results/15_lab_HSVresponses.png Graphic file (type png)

<use images/results/15_lab_HSVresponses.png>
Package pdftex.def Info: images/results/15_lab_HSVresponses.png used on input l
ine 1307.
(pdftex.def)             Requested size: 218.51521pt x 163.88408pt.

<images/results/16_lab_HSVresponses.png, id=1383, 578.16pt x 433.62pt>
File: images/results/16_lab_HSVresponses.png Graphic file (type png)

<use images/results/16_lab_HSVresponses.png>
Package pdftex.def Info: images/results/16_lab_HSVresponses.png used on input l
ine 1313.
(pdftex.def)             Requested size: 218.51521pt x 163.88408pt.
 [53]
<images/results/hsv_questions_analysis.png, id=1392, 691.58376pt x 333.245pt>
File: images/results/hsv_questions_analysis.png Graphic file (type png)

<use images/results/hsv_questions_analysis.png>
Package pdftex.def Info: images/results/hsv_questions_analysis.png used on inpu
t line 1332.
(pdftex.def)             Requested size: 409.71692pt x 197.42642pt.
 [54 <./images/results/15_lab_HSVresponses.png (PNG copy)> <./images/results/16
_lab_HSVresponses.png (PNG copy)> <./images/results/hsv_questions_analysis.png>
]
<images/results/3_online_LChresponses.png, id=1399, 578.16pt x 433.62pt>
File: images/results/3_online_LChresponses.png Graphic file (type png)

<use images/results/3_online_LChresponses.png>
Package pdftex.def Info: images/results/3_online_LChresponses.png used on input
 line 1365.
(pdftex.def)             Requested size: 218.51521pt x 163.88408pt.

<images/results/6_online_LChresponses.png, id=1400, 578.16pt x 433.62pt>
File: images/results/6_online_LChresponses.png Graphic file (type png)

<use images/results/6_online_LChresponses.png>
Package pdftex.def Info: images/results/6_online_LChresponses.png used on input
 line 1371.
(pdftex.def)             Requested size: 218.51521pt x 163.88408pt.
 [55 <./images/results/3_online_LChresponses.png (PNG copy)> <./images/results/
6_online_LChresponses.png (PNG copy)>]
<images/results/lch_questions_analysis.png, id=1410, 695.59875pt x 336.25626pt>
File: images/results/lch_questions_analysis.png Graphic file (type png)
<use images/results/lch_questions_analysis.png>
Package pdftex.def Info: images/results/lch_questions_analysis.png used on inpu
t line 1390.
(pdftex.def)             Requested size: 409.71692pt x 198.05595pt.
 [56 <./images/results/lch_questions_analysis.png>]
<images/results/13_online_CMYKresponses.png, id=1420, 578.16pt x 433.62pt>
File: images/results/13_online_CMYKresponses.png Graphic file (type png)

<use images/results/13_online_CMYKresponses.png>
Package pdftex.def Info: images/results/13_online_CMYKresponses.png used on inp
ut line 1430.
(pdftex.def)             Requested size: 218.51521pt x 163.88408pt.

<images/results/17_online_CMYKresponses.png, id=1421, 578.16pt x 433.62pt>
File: images/results/17_online_CMYKresponses.png Graphic file (type png)

<use images/results/17_online_CMYKresponses.png>
Package pdftex.def Info: images/results/17_online_CMYKresponses.png used on inp
ut line 1436.
(pdftex.def)             Requested size: 218.51521pt x 163.88408pt.

<images/results/cmyk_questions_analysis.png, id=1425, 685.56125pt x 379.4175pt>
File: images/results/cmyk_questions_analysis.png Graphic file (type png)
<use images/results/cmyk_questions_analysis.png>
Package pdftex.def Info: images/results/cmyk_questions_analysis.png used on inp
ut line 1449.
(pdftex.def)             Requested size: 409.71692pt x 226.76068pt.
 [57 <./images/results/13_online_CMYKresponses.png (PNG copy)> <./images/result
s/17_online_CMYKresponses.png (PNG copy)>]
<images/results/6_online_RGBresponses.png, id=1431, 578.16pt x 433.62pt>
File: images/results/6_online_RGBresponses.png Graphic file (type png)

<use images/results/6_online_RGBresponses.png>
Package pdftex.def Info: images/results/6_online_RGBresponses.png used on input
 line 1483.
(pdftex.def)             Requested size: 218.51521pt x 163.88408pt.
File: images/results/13_online_RGBresponses.png Graphic file (type png)

<use images/results/13_online_RGBresponses.png>
Package pdftex.def Info: images/results/13_online_RGBresponses.png used on inpu
t line 1489.
(pdftex.def)             Requested size: 218.51521pt x 163.88408pt.

<images/results/rgb_questions_analysis.png, id=1435, 698.61pt x 338.26375pt>
File: images/results/rgb_questions_analysis.png Graphic file (type png)

<use images/results/rgb_questions_analysis.png>
Package pdftex.def Info: images/results/rgb_questions_analysis.png used on inpu
t line 1500.
(pdftex.def)             Requested size: 409.71692pt x 198.38673pt.
 [58 <./images/results/cmyk_questions_analysis.png>] [59 <./images/results/6_on
line_RGBresponses.png (PNG copy)> <./images/results/rgb_questions_analysis.png>
]
<images/results/6_lab_Labresponses.png, id=1446, 578.16pt x 433.62pt>
File: images/results/6_lab_Labresponses.png Graphic file (type png)

<use images/results/6_lab_Labresponses.png>
Package pdftex.def Info: images/results/6_lab_Labresponses.png used on input li
ne 1519.
(pdftex.def)             Requested size: 218.51521pt x 163.88408pt.

<images/results/6_online_Labresponses.png, id=1447, 578.16pt x 433.62pt>
File: images/results/6_online_Labresponses.png Graphic file (type png)

<use images/results/6_online_Labresponses.png>
Package pdftex.def Info: images/results/6_online_Labresponses.png used on input
 line 1525.
(pdftex.def)             Requested size: 218.51521pt x 163.88408pt.

<images/results/lab_questions_analysis.png, id=1451, 683.55376pt x 333.245pt>
File: images/results/lab_questions_analysis.png Graphic file (type png)

<use images/results/lab_questions_analysis.png>
Package pdftex.def Info: images/results/lab_questions_analysis.png used on inpu
t line 1546.
(pdftex.def)             Requested size: 409.71692pt x 199.75021pt.
 [60 <./images/results/6_lab_Labresponses.png (PNG copy)> <./images/results/6_o
nline_Labresponses.png (PNG copy)>] <images/results/20_online_regularUsers.png,
 id=1461, 578.16pt x 433.62pt>
File: images/results/20_online_regularUsers.png Graphic file (type png)

<use images/results/20_online_regularUsers.png>
Package pdftex.def Info: images/results/20_online_regularUsers.png used on inpu
t line 1617.
(pdftex.def)             Requested size: 318.66948pt x 239.0012pt.
 [61 <./images/results/lab_questions_analysis.png>]
<images/results/17_online_Labresponses.png, id=1472, 578.16pt x 433.62pt>
File: images/results/17_online_Labresponses.png Graphic file (type png)

<use images/results/17_online_Labresponses.png>
Package pdftex.def Info: images/results/17_online_Labresponses.png used on inpu
t line 1635.
(pdftex.def)             Requested size: 218.51521pt x 163.88408pt.

<images/results/32_online_regularUsers.png, id=1473, 578.16pt x 433.62pt>
File: images/results/32_online_regularUsers.png Graphic file (type png)

<use images/results/32_online_regularUsers.png>
Package pdftex.def Info: images/results/32_online_regularUsers.png used on inpu
t line 1641.
(pdftex.def)             Requested size: 218.51521pt x 163.88408pt.
 [62 <./images/results/20_online_regularUsers.png (PNG copy)>] [63 <./images/re
sults/17_online_Labresponses.png (PNG copy)> <./images/results/32_online_regula
rUsers.png (PNG copy)>] [64]
Underfull \vbox (badness 3861) has occurred while \output is active []

 [65]
<images/results/8_online_regularUsers.png, id=1506, 578.16pt x 433.62pt>
File: images/results/8_online_regularUsers.png Graphic file (type png)

<use images/results/8_online_regularUsers.png>
Package pdftex.def Info: images/results/8_online_regularUsers.png used on input
 line 1816.
(pdftex.def)             Requested size: 218.51521pt x 163.88408pt.

<images/results/25_online_regularUsers.png, id=1507, 578.16pt x 433.62pt>
File: images/results/25_online_regularUsers.png Graphic file (type png)

<use images/results/25_online_regularUsers.png>
Package pdftex.def Info: images/results/25_online_regularUsers.png used on inpu
t line 1822.
(pdftex.def)             Requested size: 218.51521pt x 163.88408pt.

<images/results/17_online_regularUsers.png, id=1511, 578.16pt x 433.62pt>
File: images/results/17_online_regularUsers.png Graphic file (type png)

<use images/results/17_online_regularUsers.png>
Package pdftex.def Info: images/results/17_online_regularUsers.png used on inpu
t line 1847.
(pdftex.def)             Requested size: 218.51521pt x 163.88408pt.
File: images/results/32_online_regularUsers.png Graphic file (type png)

<use images/results/32_online_regularUsers.png>
Package pdftex.def Info: images/results/32_online_regularUsers.png used on inpu
t line 1853.
(pdftex.def)             Requested size: 218.51521pt x 163.88408pt.
 [66]
<images/results/7_lab_regularUsers.png, id=1520, 578.16pt x 433.62pt>
File: images/results/7_lab_regularUsers.png Graphic file (type png)

<use images/results/7_lab_regularUsers.png>
Package pdftex.def Info: images/results/7_lab_regularUsers.png used on input li
ne 1878.
(pdftex.def)             Requested size: 218.51521pt x 163.88408pt.

<images/results/7_online_regularUsers.png, id=1521, 578.16pt x 433.62pt>
File: images/results/7_online_regularUsers.png Graphic file (type png)

<use images/results/7_online_regularUsers.png>
Package pdftex.def Info: images/results/7_online_regularUsers.png used on input
 line 1884.
(pdftex.def)             Requested size: 218.51521pt x 163.88408pt.
 [67 <./images/results/8_online_regularUsers.png (PNG copy)> <./images/results/
25_online_regularUsers.png (PNG copy)> <./images/results/17_online_regularUsers
.png (PNG copy)>]
<images/results/2_online_regularUsers.png, id=1529, 578.16pt x 433.62pt>
File: images/results/2_online_regularUsers.png Graphic file (type png)

<use images/results/2_online_regularUsers.png>
Package pdftex.def Info: images/results/2_online_regularUsers.png used on input
 line 1920.
(pdftex.def)             Requested size: 218.51521pt x 163.88408pt.

<images/results/19_online_regularUsers.png, id=1530, 578.16pt x 433.62pt>
File: images/results/19_online_regularUsers.png Graphic file (type png)

<use images/results/19_online_regularUsers.png>
Package pdftex.def Info: images/results/19_online_regularUsers.png used on inpu
t line 1926.
(pdftex.def)             Requested size: 218.51521pt x 163.88408pt.
 [68 <./images/results/7_lab_regularUsers.png (PNG copy)> <./images/results/7_o
nline_regularUsers.png (PNG copy)>] <images/results/1_online_regularUsers.png, 
id=1538, 578.16pt x 433.62pt>
File: images/results/1_online_regularUsers.png Graphic file (type png)

<use images/results/1_online_regularUsers.png>
Package pdftex.def Info: images/results/1_online_regularUsers.png used on input
 line 1951.
(pdftex.def)             Requested size: 218.51521pt x 163.88408pt.

<images/results/18_online_regularUsers.png, id=1539, 578.16pt x 433.62pt>
File: images/results/18_online_regularUsers.png Graphic file (type png)

<use images/results/18_online_regularUsers.png>
Package pdftex.def Info: images/results/18_online_regularUsers.png used on inpu
t line 1957.
(pdftex.def)             Requested size: 218.51521pt x 163.88408pt.
 [69 <./images/results/2_online_regularUsers.png (PNG copy)> <./images/results/
19_online_regularUsers.png (PNG copy)>] [70 <./images/results/1_online_regularU
sers.png (PNG copy)> <./images/results/18_online_regularUsers.png (PNG copy)>]
<images/results/10_white_answers.png, id=1552, 578.16pt x 433.62pt>
File: images/results/10_white_answers.png Graphic file (type png)

<use images/results/10_white_answers.png>
Package pdftex.def Info: images/results/10_white_answers.png used on input line
 2021.
(pdftex.def)             Requested size: 218.51521pt x 163.88408pt.

<images/results/15_white_answers.png, id=1553, 578.16pt x 433.62pt>
File: images/results/15_white_answers.png Graphic file (type png)

<use images/results/15_white_answers.png>
Package pdftex.def Info: images/results/15_white_answers.png used on input line
 2027.
(pdftex.def)             Requested size: 218.51521pt x 163.88408pt.
 [71] [72 <./images/results/10_white_answers.png (PNG copy)> <./images/results/
15_white_answers.png (PNG copy)>]
<images/results/6_demo_age20_HSVresponses.png, id=1566, 578.16pt x 433.62pt>
File: images/results/6_demo_age20_HSVresponses.png Graphic file (type png)

<use images/results/6_demo_age20_HSVresponses.png>
Package pdftex.def Info: images/results/6_demo_age20_HSVresponses.png used on i
nput line 2090.
(pdftex.def)             Requested size: 218.51521pt x 163.88408pt.

<images/results/6_demo_age40_49_HSVresponses.png, id=1567, 578.16pt x 433.62pt>
File: images/results/6_demo_age40_49_HSVresponses.png Graphic file (type png)
<use images/results/6_demo_age40_49_HSVresponses.png>
Package pdftex.def Info: images/results/6_demo_age40_49_HSVresponses.png used o
n input line 2096.
(pdftex.def)             Requested size: 218.51521pt x 163.88408pt.
 [73] [74 <./images/results/6_demo_age20_HSVresponses.png (PNG copy)> <./images
/results/6_demo_age40_49_HSVresponses.png (PNG copy)>]
<images/results/16_demo_genderF_RGBresponses.png, id=1589, 578.16pt x 433.62pt>
File: images/results/16_demo_genderF_RGBresponses.png Graphic file (type png)
<use images/results/16_demo_genderF_RGBresponses.png>
Package pdftex.def Info: images/results/16_demo_genderF_RGBresponses.png used o
n input line 2152.
(pdftex.def)             Requested size: 218.51521pt x 163.88408pt.

<images/results/16_demo_genderM_RGBresponses.png, id=1590, 578.16pt x 433.62pt>
File: images/results/16_demo_genderM_RGBresponses.png Graphic file (type png)
<use images/results/16_demo_genderM_RGBresponses.png>
Package pdftex.def Info: images/results/16_demo_genderM_RGBresponses.png used o
n input line 2158.
(pdftex.def)             Requested size: 218.51521pt x 163.88408pt.
 [75 <./images/results/16_demo_genderF_RGBresponses.png (PNG copy)> <./images/r
esults/16_demo_genderM_RGBresponses.png (PNG copy)>]
File: images/results/8_online_regularUsers.png Graphic file (type png)
 <use images/results/8_online_regularUsers.png>
Package pdftex.def Info: images/results/8_online_regularUsers.png used on input
 line 2181.
(pdftex.def)             Requested size: 218.51521pt x 163.88408pt.

<images/results/8_online_daltonicUsers.png, id=1602, 578.16pt x 433.62pt>
File: images/results/8_online_daltonicUsers.png Graphic file (type png)

<use images/results/8_online_daltonicUsers.png>
Package pdftex.def Info: images/results/8_online_daltonicUsers.png used on inpu
t line 2187.
(pdftex.def)             Requested size: 218.51521pt x 163.88408pt.

<images/results/17_lab_daltonicUsers.png, id=1605, 578.16pt x 433.62pt>
File: images/results/17_lab_daltonicUsers.png Graphic file (type png)

<use images/results/17_lab_daltonicUsers.png>
Package pdftex.def Info: images/results/17_lab_daltonicUsers.png used on input 
line 2206.
(pdftex.def)             Requested size: 218.51521pt x 163.88408pt.

<images/results/17_online_daltonicUsers.png, id=1606, 578.16pt x 433.62pt>
File: images/results/17_online_daltonicUsers.png Graphic file (type png)

<use images/results/17_online_daltonicUsers.png>
Package pdftex.def Info: images/results/17_online_daltonicUsers.png used on inp
ut line 2212.
(pdftex.def)             Requested size: 218.51521pt x 163.88408pt.

Underfull \hbox (badness 10000) in paragraph at lines 2199--2216

 []

[76 <./images/results/8_online_daltonicUsers.png (PNG copy)>] [77 <./images/res
ults/17_lab_daltonicUsers.png (PNG copy)> <./images/results/17_online_daltonicU
sers.png (PNG copy)>] [78] [79]
File: images/results/2_online_regularUsers.png Graphic file (type png)
 <use images/results/2_online_regularUsers.png>
Package pdftex.def Info: images/results/2_online_regularUsers.png used on input
 line 2303.
(pdftex.def)             Requested size: 218.51521pt x 163.88408pt.

<images/results/2_online_uncalibratedUsers.png, id=1633, 578.16pt x 433.62pt>
File: images/results/2_online_uncalibratedUsers.png Graphic file (type png)

<use images/results/2_online_uncalibratedUsers.png>
Package pdftex.def Info: images/results/2_online_uncalibratedUsers.png used on 
input line 2309.
(pdftex.def)             Requested size: 218.51521pt x 163.88408pt.
 [80 <./images/results/2_online_uncalibratedUsers.png (PNG copy)>]) [81]
\openout2 = `chapters/conclusion.aux'.

 (./chapters/conclusion.tex
[82



]
Chapter 5.
) [83]) [84


] (./dissertation.bbl [85

]) (./appendix/main.tex [86]
\openout2 = `appendix/protocol.aux'.


(./appendix/protocol.tex
Appendix A.
[87


]
Underfull \hbox (badness 10000) in paragraph at lines 45--52

 []

) [88]
\openout2 = `appendix/matlab.aux'.

 (./appendix/matlab.tex
Appendix B.
) [89



]
\openout2 = `appendix/diagrams.aux'.

 (./appendix/diagrams.tex [90



]
Appendix C.
) [91]
\openout2 = `appendix/tables.aux'.

 (./appendix/tables.tex [92



]
Appendix D.
)
Underfull \hbox (badness 10000) in paragraph at lines 9--9

 []

[93])
Package atveryend Info: Empty hook `BeforeClearDocument' on input line 144.
Package atveryend Info: Empty hook `AfterLastShipout' on input line 144.
 (./dissertation.aux (./cover.aux) (./abstract/abstract-en.aux)
(./abstract/abstract-pt.aux) (./chapters/Introduction.aux)
(./chapters/background.aux) (./chapters/studyImplementation.aux)
(./chapters/studyResults.aux) (./chapters/conclusion.aux)
(./appendix/protocol.aux) (./appendix/matlab.aux) (./appendix/diagrams.aux)
(./appendix/tables.aux))
Package atveryend Info: Executing hook `AtVeryEndDocument' on input line 144.
Package atveryend Info: Executing hook `AtEndAfterFileList' on input line 144.
Package rerunfilecheck Info: File `dissertation.out' has not changed.
(rerunfilecheck)             Checksum: 443D6D64E4B1D6C4A84A782618BA223C;5027.


LaTeX Warning: There were multiply-defined labels.

Package atveryend Info: Empty hook `AtVeryVeryEnd' on input line 144.
 ) 
Here is how much of TeX's memory you used:
 18438 strings out of 493014
 280822 string characters out of 6133352
 499240 words of memory out of 5000000
 20953 multiletter control sequences out of 15000+600000
 42108 words of font info for 80 fonts, out of 8000000 for 9000
 1141 hyphenation exceptions out of 8191
 53i,20n,92p,1946b,1913s stack positions out of 5000i,500n,10000p,200000b,80000s
pdfTeX warning (dest): name{Hfootnote.32} has been referenced but does not ex
ist, replaced by a fixed one

{/usr/local/texlive/2016/texmf-dist/fonts/enc/dvips/base/8r.enc}</usr/local/tex
live/2016/texmf-dist/fonts/type1/public/amsfonts/cm/cmmi10.pfb></usr/local/texl
ive/2016/texmf-dist/fonts/type1/public/amsfonts/cm/cmmi7.pfb></usr/local/texliv
e/2016/texmf-dist/fonts/type1/public/amsfonts/cm/cmmi9.pfb></usr/local/texlive/
2016/texmf-dist/fonts/type1/public/amsfonts/cm/cmr10.pfb></usr/local/texlive/20
16/texmf-dist/fonts/type1/public/amsfonts/cm/cmr7.pfb></usr/local/texlive/2016/
texmf-dist/fonts/type1/public/amsfonts/cm/cmsy10.pfb></usr/local/texlive/2016/t
exmf-dist/fonts/type1/public/amsfonts/cm/cmsy6.pfb></usr/local/texlive/2016/tex
mf-dist/fonts/type1/public/amsfonts/cm/cmsy7.pfb></usr/local/texlive/2016/texmf
-dist/fonts/type1/public/amsfonts/cm/cmsy9.pfb></usr/local/texlive/2016/texmf-d
ist/fonts/type1/public/amsfonts/cm/cmtt8.pfb></usr/local/texlive/2016/texmf-dis
t/fonts/type1/urw/helvetic/uhvb8a.pfb></usr/local/texlive/2016/texmf-dist/fonts
/type1/urw/helvetic/uhvbo8a.pfb></usr/local/texlive/2016/texmf-dist/fonts/type1
/urw/helvetic/uhvr8a.pfb></usr/local/texlive/2016/texmf-dist/fonts/type1/urw/he
lvetic/uhvro8a.pfb>
Output written on dissertation.pdf (111 pages, 13622365 bytes).
PDF statistics:
 1850 PDF objects out of 2073 (max. 8388607)
 1582 compressed objects within 16 object streams
 458 named destinations out of 1000 (max. 500000)
 1001 words of extra memory for PDF output out of 10000 (max. 10000000)

